  [4;36;1mSQL (0.0ms)[0m   [0;1mSET NAMES 'utf8'[0m
  [4;35;1mSQL (0.0ms)[0m   [0mSET SQL_AUTO_IS_NULL=0[0m
  [4;36;1mSQL (0.0ms)[0m   [0;1mSHOW TABLES[0m
  [4;35;1mSQL (90.0ms)[0m   [0mCREATE TABLE `schema_migrations` (`version` varchar(255) NOT NULL) ENGINE=InnoDB[0m
  [4;36;1mSQL (233.0ms)[0m   [0;1mCREATE UNIQUE INDEX `unique_schema_migrations` ON `schema_migrations` (`version`)[0m
  [4;35;1mSQL (1.0ms)[0m   [0mSHOW TABLES[0m
  [4;36;1mSQL (1.0ms)[0m   [0;1mSELECT version FROM schema_migrations[0m
Migrating to CreateUsers (20110214061133)
  [4;35;1mSQL (135.0ms)[0m   [0mCREATE TABLE `users` (`id` int(11) DEFAULT NULL auto_increment PRIMARY KEY, `login` varchar(255) NOT NULL, `email` varchar(255) NOT NULL, `crypted_password` varchar(255) NOT NULL, `password_salt` varchar(255) NOT NULL, `persistence_token` varchar(255) NOT NULL, `single_access_token` varchar(255) NOT NULL, `perishable_token` varchar(255) NOT NULL, `login_count` int(11) DEFAULT 0 NOT NULL, `failed_login_count` int(11) DEFAULT 0 NOT NULL, `last_request_at` datetime, `current_login_at` datetime, `last_login_at` datetime, `current_login_ip` varchar(255), `last_login_ip` varchar(255), `created_at` datetime, `updated_at` datetime) ENGINE=InnoDB[0m
  [4;36;1mSQL (40.0ms)[0m   [0;1mINSERT INTO schema_migrations (version) VALUES ('20110214061133')[0m
  [4;35;1mSQL (1.0ms)[0m   [0mSHOW TABLES[0m
  [4;36;1mSQL (0.0ms)[0m   [0;1mSELECT version FROM schema_migrations[0m
  [4;35;1mSQL (1.0ms)[0m   [0mSHOW TABLES[0m
  [4;36;1mSQL (6.0ms)[0m   [0;1mSHOW FIELDS FROM `users`[0m
  [4;35;1mSQL (21.0ms)[0m   [0mdescribe `users`[0m
  [4;36;1mSQL (4.0ms)[0m   [0;1mSHOW KEYS FROM `users`[0m
  [4;36;1mSQL (0.0ms)[0m   [0;1mSET NAMES 'utf8'[0m
  [4;35;1mSQL (0.0ms)[0m   [0mSET SQL_AUTO_IS_NULL=0[0m


Processing ApplicationController#index (for 127.0.0.1 at 2011-02-14 12:28:14) [GET]

ActionController::RoutingError (No route matches "/root" with {:method=>:get}):
  C:/Ruby187/lib/ruby/1.8/webrick/httpserver.rb:104:in `service'
  C:/Ruby187/lib/ruby/1.8/webrick/httpserver.rb:65:in `run'
  C:/Ruby187/lib/ruby/1.8/webrick/server.rb:173:in `start_thread'
  C:/Ruby187/lib/ruby/1.8/webrick/server.rb:162:in `start'
  C:/Ruby187/lib/ruby/1.8/webrick/server.rb:162:in `start_thread'
  C:/Ruby187/lib/ruby/1.8/webrick/server.rb:95:in `start'
  C:/Ruby187/lib/ruby/1.8/webrick/server.rb:92:in `each'
  C:/Ruby187/lib/ruby/1.8/webrick/server.rb:92:in `start'
  C:/Ruby187/lib/ruby/1.8/webrick/server.rb:23:in `start'
  C:/Ruby187/lib/ruby/1.8/webrick/server.rb:82:in `start'

Rendering rescues/layout (not_found)
  [4;36;1mSQL (0.0ms)[0m   [0;1mSET NAMES 'utf8'[0m
  [4;35;1mSQL (0.0ms)[0m   [0mSET SQL_AUTO_IS_NULL=0[0m


Processing Rails::InfoController#properties (for 127.0.0.1 at 2011-02-14 12:29:46) [GET]
  [4;36;1mSQL (1.0ms)[0m   [0;1mSHOW TABLES[0m
  [4;35;1mSQL (0.0ms)[0m   [0mSELECT version FROM schema_migrations[0m
Completed in 90ms (View: 11, DB: 1) | 200 OK [http://localhost/rails/info/properties]
  [4;36;1mSQL (1.0ms)[0m   [0;1mSET NAMES 'utf8'[0m
  [4;35;1mSQL (0.0ms)[0m   [0mSET SQL_AUTO_IS_NULL=0[0m


Processing UserSessionsController#new (for 127.0.0.1 at 2011-02-14 12:30:59) [GET]

NoMethodError (undefined method `required_no_user' for #<UserSessionsController:0x7051d28>):
  C:/Ruby187/lib/ruby/1.8/webrick/httpserver.rb:104:in `service'
  C:/Ruby187/lib/ruby/1.8/webrick/httpserver.rb:65:in `run'
  C:/Ruby187/lib/ruby/1.8/webrick/server.rb:173:in `start_thread'
  C:/Ruby187/lib/ruby/1.8/webrick/server.rb:162:in `start'
  C:/Ruby187/lib/ruby/1.8/webrick/server.rb:162:in `start_thread'
  C:/Ruby187/lib/ruby/1.8/webrick/server.rb:95:in `start'
  C:/Ruby187/lib/ruby/1.8/webrick/server.rb:92:in `each'
  C:/Ruby187/lib/ruby/1.8/webrick/server.rb:92:in `start'
  C:/Ruby187/lib/ruby/1.8/webrick/server.rb:23:in `start'
  C:/Ruby187/lib/ruby/1.8/webrick/server.rb:82:in `start'

Rendered rescues/_trace (30.0ms)
Rendered rescues/_request_and_response (1.0ms)
Rendering rescues/layout (internal_server_error)
  [4;36;1mSQL (0.0ms)[0m   [0;1mSET NAMES 'utf8'[0m
  [4;35;1mSQL (0.0ms)[0m   [0mSET SQL_AUTO_IS_NULL=0[0m


Processing UserSessionsController#new (for 127.0.0.1 at 2011-02-14 12:31:51) [GET]

NoMethodError (undefined method `required_no_user' for #<UserSessionsController:0x3bb97a0>):
  C:/Ruby187/lib/ruby/1.8/webrick/httpserver.rb:104:in `service'
  C:/Ruby187/lib/ruby/1.8/webrick/httpserver.rb:65:in `run'
  C:/Ruby187/lib/ruby/1.8/webrick/server.rb:173:in `start_thread'
  C:/Ruby187/lib/ruby/1.8/webrick/server.rb:162:in `start'
  C:/Ruby187/lib/ruby/1.8/webrick/server.rb:162:in `start_thread'
  C:/Ruby187/lib/ruby/1.8/webrick/server.rb:95:in `start'
  C:/Ruby187/lib/ruby/1.8/webrick/server.rb:92:in `each'
  C:/Ruby187/lib/ruby/1.8/webrick/server.rb:92:in `start'
  C:/Ruby187/lib/ruby/1.8/webrick/server.rb:23:in `start'
  C:/Ruby187/lib/ruby/1.8/webrick/server.rb:82:in `start'

Rendered rescues/_trace (56.0ms)
Rendered rescues/_request_and_response (0.0ms)
Rendering rescues/layout (internal_server_error)
  [4;36;1mSQL (0.0ms)[0m   [0;1mSET NAMES 'utf8'[0m
  [4;35;1mSQL (0.0ms)[0m   [0mSET SQL_AUTO_IS_NULL=0[0m


Processing ActionController::Base#new (for 127.0.0.1 at 2011-02-14 12:52:32) [GET]

NoMethodError (undefined method `filter_parameter_login' for ApplicationController:Class):
  app/controllers/application_controller.rb:7
  app/controllers/user_sessions_controller.rb:1
  C:/Ruby187/lib/ruby/1.8/webrick/httpserver.rb:104:in `service'
  C:/Ruby187/lib/ruby/1.8/webrick/httpserver.rb:65:in `run'
  C:/Ruby187/lib/ruby/1.8/webrick/server.rb:173:in `start_thread'
  C:/Ruby187/lib/ruby/1.8/webrick/server.rb:162:in `start'
  C:/Ruby187/lib/ruby/1.8/webrick/server.rb:162:in `start_thread'
  C:/Ruby187/lib/ruby/1.8/webrick/server.rb:95:in `start'
  C:/Ruby187/lib/ruby/1.8/webrick/server.rb:92:in `each'
  C:/Ruby187/lib/ruby/1.8/webrick/server.rb:92:in `start'
  C:/Ruby187/lib/ruby/1.8/webrick/server.rb:23:in `start'
  C:/Ruby187/lib/ruby/1.8/webrick/server.rb:82:in `start'

Rendered rescues/_trace (30.0ms)
Rendered rescues/_request_and_response (0.0ms)
Rendering rescues/layout (internal_server_error)
  [4;36;1mSQL (0.0ms)[0m   [0;1mSET NAMES 'utf8'[0m
  [4;35;1mSQL (0.0ms)[0m   [0mSET SQL_AUTO_IS_NULL=0[0m


Processing UserSessionsController#new (for 127.0.0.1 at 2011-02-14 12:52:57) [GET]
  Parameters: {"action"=>"new", "controller"=>"user_sessions"}

NoMethodError (undefined method `required_no_user' for #<UserSessionsController:0x42b4528>):
  C:/Ruby187/lib/ruby/1.8/webrick/httpserver.rb:104:in `service'
  C:/Ruby187/lib/ruby/1.8/webrick/httpserver.rb:65:in `run'
  C:/Ruby187/lib/ruby/1.8/webrick/server.rb:173:in `start_thread'
  C:/Ruby187/lib/ruby/1.8/webrick/server.rb:162:in `start'
  C:/Ruby187/lib/ruby/1.8/webrick/server.rb:162:in `start_thread'
  C:/Ruby187/lib/ruby/1.8/webrick/server.rb:95:in `start'
  C:/Ruby187/lib/ruby/1.8/webrick/server.rb:92:in `each'
  C:/Ruby187/lib/ruby/1.8/webrick/server.rb:92:in `start'
  C:/Ruby187/lib/ruby/1.8/webrick/server.rb:23:in `start'
  C:/Ruby187/lib/ruby/1.8/webrick/server.rb:82:in `start'

Rendered rescues/_trace (60.0ms)
Rendered rescues/_request_and_response (0.0ms)
Rendering rescues/layout (internal_server_error)
  [4;36;1mSQL (0.0ms)[0m   [0;1mSET NAMES 'utf8'[0m
  [4;35;1mSQL (0.0ms)[0m   [0mSET SQL_AUTO_IS_NULL=0[0m


Processing UserSessionsController#new (for 127.0.0.1 at 2011-02-14 12:53:51) [GET]
  Parameters: {"action"=>"new", "controller"=>"user_sessions"}

NoMethodError (undefined method `defiend?' for #<UserSessionsController:0x72aac28>):
  app/controllers/application_controller.rb:18:in `current_user'
  app/controllers/application_controller.rb:32:in `require_no_user'
  C:/Ruby187/lib/ruby/1.8/webrick/httpserver.rb:104:in `service'
  C:/Ruby187/lib/ruby/1.8/webrick/httpserver.rb:65:in `run'
  C:/Ruby187/lib/ruby/1.8/webrick/server.rb:173:in `start_thread'
  C:/Ruby187/lib/ruby/1.8/webrick/server.rb:162:in `start'
  C:/Ruby187/lib/ruby/1.8/webrick/server.rb:162:in `start_thread'
  C:/Ruby187/lib/ruby/1.8/webrick/server.rb:95:in `start'
  C:/Ruby187/lib/ruby/1.8/webrick/server.rb:92:in `each'
  C:/Ruby187/lib/ruby/1.8/webrick/server.rb:92:in `start'
  C:/Ruby187/lib/ruby/1.8/webrick/server.rb:23:in `start'
  C:/Ruby187/lib/ruby/1.8/webrick/server.rb:82:in `start'

Rendered rescues/_trace (29.0ms)
Rendered rescues/_request_and_response (0.0ms)
Rendering rescues/layout (internal_server_error)
  [4;36;1mSQL (0.0ms)[0m   [0;1mSET NAMES 'utf8'[0m
  [4;35;1mSQL (0.0ms)[0m   [0mSET SQL_AUTO_IS_NULL=0[0m


Processing UserSessionsController#new (for 127.0.0.1 at 2011-02-14 12:54:34) [GET]
  Parameters: {"action"=>"new", "controller"=>"user_sessions"}
  [4;36;1mUser Columns (6.0ms)[0m   [0;1mSHOW FIELDS FROM `users`[0m
Rendering user_sessions/new
Completed in 69ms (View: 41, DB: 6) | 200 OK [http://localhost/]
  [4;36;1mSQL (0.0ms)[0m   [0;1mSET NAMES 'utf8'[0m
  [4;35;1mSQL (0.0ms)[0m   [0mSET SQL_AUTO_IS_NULL=0[0m


Processing ApplicationController#index (for 127.0.0.1 at 2011-02-14 13:03:58) [GET]

ActionController::RoutingError (No route matches "/user/new" with {:method=>:get}):
  C:/Ruby187/lib/ruby/1.8/webrick/httpserver.rb:104:in `service'
  C:/Ruby187/lib/ruby/1.8/webrick/httpserver.rb:65:in `run'
  C:/Ruby187/lib/ruby/1.8/webrick/server.rb:173:in `start_thread'
  C:/Ruby187/lib/ruby/1.8/webrick/server.rb:162:in `start'
  C:/Ruby187/lib/ruby/1.8/webrick/server.rb:162:in `start_thread'
  C:/Ruby187/lib/ruby/1.8/webrick/server.rb:95:in `start'
  C:/Ruby187/lib/ruby/1.8/webrick/server.rb:92:in `each'
  C:/Ruby187/lib/ruby/1.8/webrick/server.rb:92:in `start'
  C:/Ruby187/lib/ruby/1.8/webrick/server.rb:23:in `start'
  C:/Ruby187/lib/ruby/1.8/webrick/server.rb:82:in `start'

Rendering rescues/layout (not_found)
  [4;36;1mSQL (0.0ms)[0m   [0;1mSET NAMES 'utf8'[0m
  [4;35;1mSQL (0.0ms)[0m   [0mSET SQL_AUTO_IS_NULL=0[0m
  [4;36;1mUser Columns (6.0ms)[0m   [0;1mSHOW FIELDS FROM `users`[0m


Processing UsersController#new (for 127.0.0.1 at 2011-02-14 13:04:04) [GET]
  Parameters: {"action"=>"new", "controller"=>"users"}
Rendering users/new
Rendered users/_form (2.0ms)
Completed in 80ms (View: 78, DB: 6) | 200 OK [http://localhost/users/new]
  [4;35;1mSQL (0.0ms)[0m   [0mSET NAMES 'utf8'[0m
  [4;36;1mSQL (0.0ms)[0m   [0;1mSET SQL_AUTO_IS_NULL=0[0m
  [4;35;1mUser Columns (6.0ms)[0m   [0mSHOW FIELDS FROM `users`[0m


Processing UsersController#new (for 127.0.0.1 at 2011-02-14 14:28:26) [GET]
  Parameters: {"action"=>"new", "controller"=>"users"}
Rendering users/new
Rendered users/_form (1.0ms)
Completed in 8ms (View: 6, DB: 6) | 200 OK [http://localhost/users/new]
  [4;36;1mSQL (0.0ms)[0m   [0;1mSET NAMES 'utf8'[0m
  [4;35;1mSQL (0.0ms)[0m   [0mSET SQL_AUTO_IS_NULL=0[0m
  [4;36;1mUser Columns (6.0ms)[0m   [0;1mSHOW FIELDS FROM `users`[0m


Processing UsersController#create (for 127.0.0.1 at 2011-02-14 14:29:36) [POST]
  Parameters: {"commit"=>"Register", "action"=>"create", "authenticity_token"=>"p7cto9l/SKkzffkBkD7A9DMvNnsZkxqswbrH3e/pnMc=", "controller"=>"users", "user"=>{"password_confirmation"=>"[FILTERED]", "password"=>"[FILTERED]", "login"=>"shripad"}}
  [4;35;1mSQL (1.0ms)[0m   [0mBEGIN[0m
  [4;36;1mUser Load (0.0ms)[0m   [0;1mSELECT `users`.id FROM `users` WHERE (LOWER(`users`.`login`) = BINARY 'shripad') LIMIT 1[0m
  [4;35;1mUser Load (1.0ms)[0m   [0mSELECT `users`.id FROM `users` WHERE (`users`.`persistence_token` = BINARY '6abb72c7f743de7729a90911759e718869f1b96579c0c6dcdc7297e971bfc749cbdd11ea960490cece407fdec0ca31a6a3ed2faf7f0bf1bebe31eff01dbd751d') LIMIT 1[0m
  [4;36;1mUser Load (0.0ms)[0m   [0;1mSELECT `users`.id FROM `users` WHERE (`users`.`single_access_token` = BINARY '6hcyDY49UK3Cba1HVoYq') LIMIT 1[0m
  [4;35;1mSQL (0.0ms)[0m   [0mROLLBACK[0m
Rendering users/new
Rendered users/_form (1.0ms)
Completed in 3736ms (View: 8, DB: 0) | 200 OK [http://localhost/account]
  [4;36;1mSQL (0.0ms)[0m   [0;1mSET NAMES 'utf8'[0m
  [4;35;1mSQL (0.0ms)[0m   [0mSET SQL_AUTO_IS_NULL=0[0m
  [4;36;1mUser Columns (6.0ms)[0m   [0;1mSHOW FIELDS FROM `users`[0m


Processing UsersController#create (for 127.0.0.1 at 2011-02-14 14:32:55) [POST]
  Parameters: {"commit"=>"Register", "action"=>"create", "authenticity_token"=>"p7cto9l/SKkzffkBkD7A9DMvNnsZkxqswbrH3e/pnMc=", "controller"=>"users", "user"=>{"password_confirmation"=>"[FILTERED]", "password"=>"[FILTERED]", "login"=>"sjoshi@mrccsolutions.com"}}
  [4;35;1mSQL (0.0ms)[0m   [0mBEGIN[0m
  [4;36;1mUser Load (0.0ms)[0m   [0;1mSELECT `users`.id FROM `users` WHERE (LOWER(`users`.`login`) = BINARY 'sjoshi@mrccsolutions.com') LIMIT 1[0m
  [4;35;1mUser Load (0.0ms)[0m   [0mSELECT `users`.id FROM `users` WHERE (`users`.`persistence_token` = BINARY '69f409b38afa6d4e230b4c2fd7f85e9c520ceb6b6b024c5aa6df68913ea3652b77e3bb8ef4c341e8ec025bfc263252bdc1e599cf10157dda06fef61743abc35f') LIMIT 1[0m
  [4;36;1mUser Load (1.0ms)[0m   [0;1mSELECT `users`.id FROM `users` WHERE (`users`.`single_access_token` = BINARY 'cEFkRgMqaTYYfrZeVexg') LIMIT 1[0m
  [4;35;1mSQL (0.0ms)[0m   [0mROLLBACK[0m
Rendering users/new
Rendered users/_form (1.0ms)
Completed in 18ms (View: 8, DB: 0) | 200 OK [http://localhost/account]
  [4;36;1mSQL (0.0ms)[0m   [0;1mSET NAMES 'utf8'[0m
  [4;35;1mSQL (0.0ms)[0m   [0mSET SQL_AUTO_IS_NULL=0[0m


Processing UsersController#create (for 127.0.0.1 at 2011-02-14 14:39:29) [POST]
  Parameters: {"commit"=>"Register", "action"=>"create", "authenticity_token"=>"p7cto9l/SKkzffkBkD7A9DMvNnsZkxqswbrH3e/pnMc=", "controller"=>"users", "user"=>{"password_confirmation"=>"[FILTERED]", "password"=>"[FILTERED]", "login"=>"sjoshi@mrccsolutions.com"}}
  [4;36;1mUser Columns (6.0ms)[0m   [0;1mSHOW FIELDS FROM `users`[0m
  [4;35;1mSQL (21.0ms)[0m   [0mBEGIN[0m
  [4;36;1mUser Load (0.0ms)[0m   [0;1mSELECT `users`.id FROM `users` WHERE (LOWER(`users`.`login`) = BINARY 'sjoshi@mrccsolutions.com') LIMIT 1[0m
  [4;35;1mUser Load (0.0ms)[0m   [0mSELECT `users`.id FROM `users` WHERE (`users`.`persistence_token` = BINARY 'e9fa73042c95dcc17a1fcbf21ee2cc33e49d298d4213dac0e12651bf4910622c490232ddcbf29531e119003c326895900784eaa2f2cb783afd89167bb05d93ba') LIMIT 1[0m
  [4;36;1mUser Load (0.0ms)[0m   [0;1mSELECT `users`.id FROM `users` WHERE (`users`.`single_access_token` = BINARY 'FKtWJl4fNZfeNsfr4U') LIMIT 1[0m
  [4;35;1mSQL (0.0ms)[0m   [0mROLLBACK[0m
Rendering users/new
Rendered users/_form (2.0ms)
Completed in 55ms (View: 8, DB: 27) | 200 OK [http://localhost/account]
  [4;36;1mSQL (0.0ms)[0m   [0;1mSET NAMES 'utf8'[0m
  [4;35;1mSQL (0.0ms)[0m   [0mSET SQL_AUTO_IS_NULL=0[0m


Processing UsersController#new (for 127.0.0.1 at 2011-02-14 14:39:55) [GET]
  Parameters: {"action"=>"new", "controller"=>"users"}
  [4;36;1mUser Columns (6.0ms)[0m   [0;1mSHOW FIELDS FROM `users`[0m
Rendering users/new
Rendered users/_form (2.0ms)
Completed in 67ms (View: 47, DB: 6) | 200 OK [http://localhost/users/new]
  [4;35;1mSQL (0.0ms)[0m   [0mSET NAMES 'utf8'[0m
  [4;36;1mSQL (0.0ms)[0m   [0;1mSET SQL_AUTO_IS_NULL=0[0m


Processing UsersController#create (for 127.0.0.1 at 2011-02-14 14:39:58) [POST]
  Parameters: {"commit"=>"Register", "action"=>"create", "authenticity_token"=>"p7cto9l/SKkzffkBkD7A9DMvNnsZkxqswbrH3e/pnMc=", "controller"=>"users", "user"=>{"password_confirmation"=>"[FILTERED]", "password"=>"[FILTERED]", "login"=>""}}
  [4;35;1mUser Columns (5.0ms)[0m   [0mSHOW FIELDS FROM `users`[0m
  [4;36;1mSQL (0.0ms)[0m   [0;1mBEGIN[0m
  [4;35;1mUser Load (1.0ms)[0m   [0mSELECT `users`.id FROM `users` WHERE (LOWER(`users`.`login`) = BINARY '') LIMIT 1[0m
  [4;36;1mUser Load (0.0ms)[0m   [0;1mSELECT `users`.id FROM `users` WHERE (`users`.`persistence_token` = BINARY '5c55fc247380bfa53678fbfe721403c2378f4e77cfb4f606e6416da6374b329c95283e718e0d6aebab47f8099d279682ca723cf6d8cea515cdeeafe3c29205b0') LIMIT 1[0m
  [4;35;1mUser Load (0.0ms)[0m   [0mSELECT `users`.id FROM `users` WHERE (`users`.`single_access_token` = BINARY 'hqS3VZkNvv93t9RGesw') LIMIT 1[0m
  [4;36;1mSQL (0.0ms)[0m   [0;1mROLLBACK[0m
Rendering users/new
Rendered users/_form (7.0ms)
Completed in 1816ms (View: 18, DB: 6) | 200 OK [http://localhost/account]
  [4;35;1mSQL (1.0ms)[0m   [0mSET NAMES 'utf8'[0m
  [4;36;1mSQL (0.0ms)[0m   [0;1mSET SQL_AUTO_IS_NULL=0[0m


Processing UsersController#create (for 127.0.0.1 at 2011-02-14 14:40:17) [POST]
  Parameters: {"commit"=>"Register", "action"=>"create", "authenticity_token"=>"p7cto9l/SKkzffkBkD7A9DMvNnsZkxqswbrH3e/pnMc=", "controller"=>"users", "user"=>{"password_confirmation"=>"[FILTERED]", "password"=>"[FILTERED]", "login"=>"shripad"}}
  [4;35;1mUser Columns (15.0ms)[0m   [0mSHOW FIELDS FROM `users`[0m
  [4;36;1mSQL (1.0ms)[0m   [0;1mBEGIN[0m
  [4;35;1mUser Load (0.0ms)[0m   [0mSELECT `users`.id FROM `users` WHERE (LOWER(`users`.`login`) = BINARY 'shripad') LIMIT 1[0m
  [4;36;1mUser Load (1.0ms)[0m   [0;1mSELECT `users`.id FROM `users` WHERE (`users`.`persistence_token` = BINARY '9dde9e386412c4c415061a29d248d2c84ebbc5a009c5ada3edc065e4b8e692a5ea1ea73a4bdb61031987e3e61e15d7593583f7c49cd6c36d260205376c5bcbc9') LIMIT 1[0m
  [4;35;1mUser Load (0.0ms)[0m   [0mSELECT `users`.id FROM `users` WHERE (`users`.`single_access_token` = BINARY 'p2hZxyDCdOremV5uQ7U') LIMIT 1[0m
  [4;36;1mSQL (0.0ms)[0m   [0;1mROLLBACK[0m
Rendering users/new
Rendered users/_form (1.0ms)
Completed in 183ms (View: 12, DB: 18) | 200 OK [http://localhost/account]
  [4;35;1mSQL (1.0ms)[0m   [0mSET NAMES 'utf8'[0m
  [4;36;1mSQL (0.0ms)[0m   [0;1mSET SQL_AUTO_IS_NULL=0[0m


Processing UsersController#create (for 127.0.0.1 at 2011-02-14 14:41:18) [POST]
  Parameters: {"commit"=>"Register", "action"=>"create", "authenticity_token"=>"p7cto9l/SKkzffkBkD7A9DMvNnsZkxqswbrH3e/pnMc=", "controller"=>"users", "user"=>{"password_confirmation"=>"[FILTERED]", "password"=>"[FILTERED]", "login"=>"shripad"}}
  [4;35;1mUser Columns (6.0ms)[0m   [0mSHOW FIELDS FROM `users`[0m
  [4;36;1mSQL (0.0ms)[0m   [0;1mBEGIN[0m
  [4;35;1mUser Load (0.0ms)[0m   [0mSELECT `users`.id FROM `users` WHERE (LOWER(`users`.`login`) = BINARY 'shripad') LIMIT 1[0m
  [4;36;1mUser Load (0.0ms)[0m   [0;1mSELECT `users`.id FROM `users` WHERE (`users`.`persistence_token` = BINARY '5c2268832d00db7e65cfc5b5e0f6fa8dd13747dd4abd6773d856cd4ce6a59febf197cbe819d483a109b3d3e83928615a7cf66135e7fca1e5369bf5b3b38cd858') LIMIT 1[0m
  [4;35;1mUser Load (0.0ms)[0m   [0mSELECT `users`.id FROM `users` WHERE (`users`.`single_access_token` = BINARY 'Rvt83e4EKoe8MIM1aDq') LIMIT 1[0m
  [4;36;1mUser Load (1.0ms)[0m   [0;1mSELECT * FROM `users` WHERE (`users`.`persistence_token` = 'e956b087119baf7f0e1c18444b85b2051b3f8b553ba6e1de96be822b4d1ecb5cac1592d3135bad7da2c600323283416a6cfac40dbfb2b141945d0ec6eaaa3f0f') LIMIT 1[0m
  [4;35;1mUser Create (0.0ms)[0m   [0mMysql::Error: Column 'email' cannot be null: INSERT INTO `users` (`single_access_token`, `last_request_at`, `created_at`, `crypted_password`, `perishable_token`, `updated_at`, `failed_login_count`, `current_login_ip`, `password_salt`, `current_login_at`, `persistence_token`, `login_count`, `last_login_ip`, `login`, `last_login_at`, `email`) VALUES('Rvt83e4EKoe8MIM1aDq', '2011-02-14 09:11:19', '2011-02-14 09:11:19', 'cae681d110d1a7d74cdb61a750a7486a46b4e27a8f6d130e2572ffc1126fdfd6feed905a77e132adf729dd42b8291f1258d19d9add9e5a4359257f3a16f6b23b', 'l1LC2PBU3FfjBHMmHydx', '2011-02-14 09:11:19', 0, '127.0.0.1', 'Fq4l1tV8ay2tcTR8Y4tM', '2011-02-14 09:11:19', '5c2268832d00db7e65cfc5b5e0f6fa8dd13747dd4abd6773d856cd4ce6a59febf197cbe819d483a109b3d3e83928615a7cf66135e7fca1e5369bf5b3b38cd858', 1, NULL, 'shripad', NULL, NULL)[0m
  [4;36;1mSQL (0.0ms)[0m   [0;1mROLLBACK[0m

ActiveRecord::StatementInvalid (Mysql::Error: Column 'email' cannot be null: INSERT INTO `users` (`single_access_token`, `last_request_at`, `created_at`, `crypted_password`, `perishable_token`, `updated_at`, `failed_login_count`, `current_login_ip`, `password_salt`, `current_login_at`, `persistence_token`, `login_count`, `last_login_ip`, `login`, `last_login_at`, `email`) VALUES('Rvt83e4EKoe8MIM1aDq', '2011-02-14 09:11:19', '2011-02-14 09:11:19', 'cae681d110d1a7d74cdb61a750a7486a46b4e27a8f6d130e2572ffc1126fdfd6feed905a77e132adf729dd42b8291f1258d19d9add9e5a4359257f3a16f6b23b', 'l1LC2PBU3FfjBHMmHydx', '2011-02-14 09:11:19', 0, '127.0.0.1', 'Fq4l1tV8ay2tcTR8Y4tM', '2011-02-14 09:11:19', '5c2268832d00db7e65cfc5b5e0f6fa8dd13747dd4abd6773d856cd4ce6a59febf197cbe819d483a109b3d3e83928615a7cf66135e7fca1e5369bf5b3b38cd858', 1, NULL, 'shripad', NULL, NULL)):
  app/controllers/users_controller.rb:12:in `create'
  C:/Ruby187/lib/ruby/1.8/webrick/httpserver.rb:104:in `service'
  C:/Ruby187/lib/ruby/1.8/webrick/httpserver.rb:65:in `run'
  C:/Ruby187/lib/ruby/1.8/webrick/server.rb:173:in `start_thread'
  C:/Ruby187/lib/ruby/1.8/webrick/server.rb:162:in `start'
  C:/Ruby187/lib/ruby/1.8/webrick/server.rb:162:in `start_thread'
  C:/Ruby187/lib/ruby/1.8/webrick/server.rb:95:in `start'
  C:/Ruby187/lib/ruby/1.8/webrick/server.rb:92:in `each'
  C:/Ruby187/lib/ruby/1.8/webrick/server.rb:92:in `start'
  C:/Ruby187/lib/ruby/1.8/webrick/server.rb:23:in `start'
  C:/Ruby187/lib/ruby/1.8/webrick/server.rb:82:in `start'

Rendered rescues/_trace (39.0ms)
Rendered rescues/_request_and_response (1.0ms)
Rendering rescues/layout (internal_server_error)
  [4;35;1mSQL (0.0ms)[0m   [0mSET NAMES 'utf8'[0m
  [4;36;1mSQL (0.0ms)[0m   [0;1mSET SQL_AUTO_IS_NULL=0[0m


Processing UsersController#create (for 127.0.0.1 at 2011-02-14 14:42:16) [POST]
  Parameters: {"commit"=>"Register", "action"=>"create", "authenticity_token"=>"p7cto9l/SKkzffkBkD7A9DMvNnsZkxqswbrH3e/pnMc=", "controller"=>"users", "user"=>{"password_confirmation"=>"[FILTERED]", "password"=>"[FILTERED]", "login"=>"shripad"}}
  [4;35;1mUser Columns (5.0ms)[0m   [0mSHOW FIELDS FROM `users`[0m
  [4;36;1mSQL (0.0ms)[0m   [0;1mBEGIN[0m
  [4;35;1mUser Load (1.0ms)[0m   [0mSELECT `users`.id FROM `users` WHERE (LOWER(`users`.`login`) = BINARY 'shripad') LIMIT 1[0m
  [4;36;1mUser Load (0.0ms)[0m   [0;1mSELECT `users`.id FROM `users` WHERE (`users`.`persistence_token` = BINARY 'b48a68ffe10e3aa1056be2fe5ec54d4afd7010afb1b2e1fb9cefe790f68335b8a033b00212cf523b4e1b0871b8594bc9dcc4b5169dda1dbe9258c73a485fb973') LIMIT 1[0m
  [4;35;1mUser Load (1.0ms)[0m   [0mSELECT `users`.id FROM `users` WHERE (`users`.`single_access_token` = BINARY 'VLcpeTA2Uf3tJKcGhdHy') LIMIT 1[0m
  [4;36;1mUser Load (1.0ms)[0m   [0;1mSELECT * FROM `users` WHERE (`users`.`persistence_token` = '5c2268832d00db7e65cfc5b5e0f6fa8dd13747dd4abd6773d856cd4ce6a59febf197cbe819d483a109b3d3e83928615a7cf66135e7fca1e5369bf5b3b38cd858') LIMIT 1[0m
  [4;35;1mCACHE (0.0ms)[0m   [0mSELECT * FROM `users` WHERE (`users`.`persistence_token` = '5c2268832d00db7e65cfc5b5e0f6fa8dd13747dd4abd6773d856cd4ce6a59febf197cbe819d483a109b3d3e83928615a7cf66135e7fca1e5369bf5b3b38cd858') LIMIT 1[0m
  [4;36;1mUser Create (0.0ms)[0m   [0;1mMysql::Error: Column 'email' cannot be null: INSERT INTO `users` (`single_access_token`, `last_request_at`, `created_at`, `crypted_password`, `perishable_token`, `updated_at`, `failed_login_count`, `current_login_ip`, `password_salt`, `current_login_at`, `persistence_token`, `login_count`, `last_login_ip`, `login`, `last_login_at`, `email`) VALUES('VLcpeTA2Uf3tJKcGhdHy', '2011-02-14 09:12:16', '2011-02-14 09:12:16', 'e293300ec7e1d3e4e4cbb88c17089a711d7846f8c87dacf83a9001cd4aae2cd8630a1dc7021729543d3472cdc41287ecfca3c5802b1b0e1a402744ddae92cf76', 'pPt57ccluePGJs8bsM', '2011-02-14 09:12:16', 0, '127.0.0.1', 'rqsqgCMfFauVpAtU9Bsu', '2011-02-14 09:12:16', 'b48a68ffe10e3aa1056be2fe5ec54d4afd7010afb1b2e1fb9cefe790f68335b8a033b00212cf523b4e1b0871b8594bc9dcc4b5169dda1dbe9258c73a485fb973', 1, NULL, 'shripad', NULL, NULL)[0m
  [4;35;1mSQL (0.0ms)[0m   [0mROLLBACK[0m

ActiveRecord::StatementInvalid (Mysql::Error: Column 'email' cannot be null: INSERT INTO `users` (`single_access_token`, `last_request_at`, `created_at`, `crypted_password`, `perishable_token`, `updated_at`, `failed_login_count`, `current_login_ip`, `password_salt`, `current_login_at`, `persistence_token`, `login_count`, `last_login_ip`, `login`, `last_login_at`, `email`) VALUES('VLcpeTA2Uf3tJKcGhdHy', '2011-02-14 09:12:16', '2011-02-14 09:12:16', 'e293300ec7e1d3e4e4cbb88c17089a711d7846f8c87dacf83a9001cd4aae2cd8630a1dc7021729543d3472cdc41287ecfca3c5802b1b0e1a402744ddae92cf76', 'pPt57ccluePGJs8bsM', '2011-02-14 09:12:16', 0, '127.0.0.1', 'rqsqgCMfFauVpAtU9Bsu', '2011-02-14 09:12:16', 'b48a68ffe10e3aa1056be2fe5ec54d4afd7010afb1b2e1fb9cefe790f68335b8a033b00212cf523b4e1b0871b8594bc9dcc4b5169dda1dbe9258c73a485fb973', 1, NULL, 'shripad', NULL, NULL)):
  app/controllers/users_controller.rb:12:in `create'
  C:/Ruby187/lib/ruby/1.8/webrick/httpserver.rb:104:in `service'
  C:/Ruby187/lib/ruby/1.8/webrick/httpserver.rb:65:in `run'
  C:/Ruby187/lib/ruby/1.8/webrick/server.rb:173:in `start_thread'
  C:/Ruby187/lib/ruby/1.8/webrick/server.rb:162:in `start'
  C:/Ruby187/lib/ruby/1.8/webrick/server.rb:162:in `start_thread'
  C:/Ruby187/lib/ruby/1.8/webrick/server.rb:95:in `start'
  C:/Ruby187/lib/ruby/1.8/webrick/server.rb:92:in `each'
  C:/Ruby187/lib/ruby/1.8/webrick/server.rb:92:in `start'
  C:/Ruby187/lib/ruby/1.8/webrick/server.rb:23:in `start'
  C:/Ruby187/lib/ruby/1.8/webrick/server.rb:82:in `start'

Rendered rescues/_trace (80.0ms)
Rendered rescues/_request_and_response (0.0ms)
Rendering rescues/layout (internal_server_error)
  [4;36;1mSQL (0.0ms)[0m   [0;1mSET NAMES 'utf8'[0m
  [4;35;1mSQL (0.0ms)[0m   [0mSET SQL_AUTO_IS_NULL=0[0m


Processing UsersController#create (for 127.0.0.1 at 2011-02-14 14:44:03) [POST]
  Parameters: {"commit"=>"Register", "action"=>"create", "authenticity_token"=>"p7cto9l/SKkzffkBkD7A9DMvNnsZkxqswbrH3e/pnMc=", "controller"=>"users", "user"=>{"password_confirmation"=>"[FILTERED]", "password"=>"[FILTERED]", "login"=>"shripad"}}
  [4;36;1mUser Columns (14.0ms)[0m   [0;1mSHOW FIELDS FROM `users`[0m
  [4;35;1mSQL (0.0ms)[0m   [0mBEGIN[0m
  [4;36;1mUser Load (1.0ms)[0m   [0;1mSELECT `users`.id FROM `users` WHERE (LOWER(`users`.`login`) = BINARY 'shripad') LIMIT 1[0m
  [4;35;1mUser Load (0.0ms)[0m   [0mSELECT `users`.id FROM `users` WHERE (`users`.`persistence_token` = BINARY 'd0b3689b86fc298e8df14209e60f91852ca69ea0f4bf10e63acb1765ed455ed5eb0878c32d0a322439186e9d07949a730116f25b51a9762e92f29d830e31c0a1') LIMIT 1[0m
  [4;36;1mUser Load (0.0ms)[0m   [0;1mSELECT `users`.id FROM `users` WHERE (`users`.`single_access_token` = BINARY 'J6nUWAqcIXVw0fZ1RDof') LIMIT 1[0m
  [4;35;1mUser Load (1.0ms)[0m   [0mSELECT * FROM `users` WHERE (`users`.`persistence_token` = 'b48a68ffe10e3aa1056be2fe5ec54d4afd7010afb1b2e1fb9cefe790f68335b8a033b00212cf523b4e1b0871b8594bc9dcc4b5169dda1dbe9258c73a485fb973') LIMIT 1[0m
  [4;36;1mCACHE (0.0ms)[0m   [0;1mSELECT * FROM `users` WHERE (`users`.`persistence_token` = 'b48a68ffe10e3aa1056be2fe5ec54d4afd7010afb1b2e1fb9cefe790f68335b8a033b00212cf523b4e1b0871b8594bc9dcc4b5169dda1dbe9258c73a485fb973') LIMIT 1[0m
  [4;35;1mUser Create (0.0ms)[0m   [0mINSERT INTO `users` (`single_access_token`, `last_request_at`, `created_at`, `crypted_password`, `perishable_token`, `updated_at`, `failed_login_count`, `current_login_ip`, `password_salt`, `current_login_at`, `persistence_token`, `login_count`, `last_login_ip`, `login`, `last_login_at`, `email`) VALUES('J6nUWAqcIXVw0fZ1RDof', '2011-02-14 09:14:03', '2011-02-14 09:14:03', '420ba4c3a60ab339f39abcb15053b599551d5cb617e673d67aec6f0543aec8a4cadf6371295299c1fff60a4d2508f113d04f401aa18b804f432af3744519313d', '4HLypRm8xjlftGU6HxZZ', '2011-02-14 09:14:03', 0, '127.0.0.1', 'aZZ61Fv1YKzFRujT0r', '2011-02-14 09:14:03', 'd0b3689b86fc298e8df14209e60f91852ca69ea0f4bf10e63acb1765ed455ed5eb0878c32d0a322439186e9d07949a730116f25b51a9762e92f29d830e31c0a1', 1, NULL, 'shripad', NULL, NULL)[0m
  [4;36;1mSQL (41.0ms)[0m   [0;1mCOMMIT[0m
Redirected to http://localhost:3000/account
Completed in 92ms (DB: 57) | 302 Found [http://localhost/account]
  [4;35;1mSQL (0.0ms)[0m   [0mSET NAMES 'utf8'[0m
  [4;36;1mSQL (0.0ms)[0m   [0;1mSET SQL_AUTO_IS_NULL=0[0m


Processing UsersController#show (for 127.0.0.1 at 2011-02-14 14:44:03) [GET]
  Parameters: {"action"=>"show", "controller"=>"users"}
Rendering users/show

ActionView::TemplateError (undefined method `login' for nil:NilClass) on line #3 of app/views/users/show.html.erb:
1: <p>
2:   <b>Login:</b>
3:   <%=h @user.login %>
4: </p>
5: 
6: <p>

    app/views/users/show.html.erb:3
    C:/Ruby187/lib/ruby/1.8/webrick/httpserver.rb:104:in `service'
    C:/Ruby187/lib/ruby/1.8/webrick/httpserver.rb:65:in `run'
    C:/Ruby187/lib/ruby/1.8/webrick/server.rb:173:in `start_thread'
    C:/Ruby187/lib/ruby/1.8/webrick/server.rb:162:in `start'
    C:/Ruby187/lib/ruby/1.8/webrick/server.rb:162:in `start_thread'
    C:/Ruby187/lib/ruby/1.8/webrick/server.rb:95:in `start'
    C:/Ruby187/lib/ruby/1.8/webrick/server.rb:92:in `each'
    C:/Ruby187/lib/ruby/1.8/webrick/server.rb:92:in `start'
    C:/Ruby187/lib/ruby/1.8/webrick/server.rb:23:in `start'
    C:/Ruby187/lib/ruby/1.8/webrick/server.rb:82:in `start'

Rendered rescues/_trace (34.0ms)
Rendered rescues/_request_and_response (1.0ms)
Rendering rescues/layout (internal_server_error)
  [4;36;1mSQL (0.0ms)[0m   [0;1mSET NAMES 'utf8'[0m
  [4;35;1mSQL (1.0ms)[0m   [0mSET SQL_AUTO_IS_NULL=0[0m
  [4;36;1mSQL (0.0ms)[0m   [0;1mSHOW TABLES[0m
  [4;35;1mSQL (80.0ms)[0m   [0mCREATE TABLE `schema_migrations` (`version` varchar(255) NOT NULL) ENGINE=InnoDB[0m
  [4;36;1mSQL (225.0ms)[0m   [0;1mCREATE UNIQUE INDEX `unique_schema_migrations` ON `schema_migrations` (`version`)[0m
  [4;35;1mSQL (2.0ms)[0m   [0mSHOW TABLES[0m
  [4;36;1mSQL (1.0ms)[0m   [0;1mSELECT version FROM schema_migrations[0m
Migrating to CreateUsers (20110214061133)
  [4;35;1mSQL (75.0ms)[0m   [0mCREATE TABLE `users` (`id` int(11) DEFAULT NULL auto_increment PRIMARY KEY, `login` varchar(255) NOT NULL, `email` varchar(255) NOT NULL, `crypted_password` varchar(255) NOT NULL, `password_salt` varchar(255) NOT NULL, `persistence_token` varchar(255) NOT NULL, `single_access_token` varchar(255) NOT NULL, `perishable_token` varchar(255) NOT NULL, `login_count` int(11) DEFAULT 0 NOT NULL, `failed_login_count` int(11) DEFAULT 0 NOT NULL, `last_request_at` datetime, `current_login_at` datetime, `last_login_at` datetime, `current_login_ip` varchar(255), `last_login_ip` varchar(255), `created_at` datetime, `updated_at` datetime) ENGINE=InnoDB[0m
  [4;36;1mSQL (40.0ms)[0m   [0;1mINSERT INTO schema_migrations (version) VALUES ('20110214061133')[0m
  [4;35;1mSQL (1.0ms)[0m   [0mSHOW TABLES[0m
  [4;36;1mSQL (0.0ms)[0m   [0;1mSELECT version FROM schema_migrations[0m
  [4;35;1mSQL (1.0ms)[0m   [0mSHOW TABLES[0m
  [4;36;1mSQL (6.0ms)[0m   [0;1mSHOW FIELDS FROM `users`[0m
  [4;35;1mSQL (21.0ms)[0m   [0mdescribe `users`[0m
  [4;36;1mSQL (4.0ms)[0m   [0;1mSHOW KEYS FROM `users`[0m
  [4;36;1mSQL (0.0ms)[0m   [0;1mSET NAMES 'utf8'[0m
  [4;35;1mSQL (0.0ms)[0m   [0mSET SQL_AUTO_IS_NULL=0[0m
  [4;36;1mSQL (0.0ms)[0m   [0;1mSHOW TABLES[0m
  [4;35;1mSQL (108.0ms)[0m   [0mCREATE TABLE `schema_migrations` (`version` varchar(255) NOT NULL) ENGINE=InnoDB[0m
  [4;36;1mSQL (253.0ms)[0m   [0;1mCREATE UNIQUE INDEX `unique_schema_migrations` ON `schema_migrations` (`version`)[0m
  [4;35;1mSQL (1.0ms)[0m   [0mSHOW TABLES[0m
  [4;36;1mSQL (1.0ms)[0m   [0;1mSELECT version FROM schema_migrations[0m
Migrating to CreateUsers (20110214061133)
  [4;35;1mSQL (77.0ms)[0m   [0mCREATE TABLE `users` (`id` int(11) DEFAULT NULL auto_increment PRIMARY KEY, `login` varchar(255) NOT NULL, `email` varchar(255), `crypted_password` varchar(255) NOT NULL, `password_salt` varchar(255) NOT NULL, `persistence_token` varchar(255) NOT NULL, `single_access_token` varchar(255) NOT NULL, `perishable_token` varchar(255) NOT NULL, `login_count` int(11) DEFAULT 0 NOT NULL, `failed_login_count` int(11) DEFAULT 0 NOT NULL, `last_request_at` datetime, `current_login_at` datetime, `last_login_at` datetime, `current_login_ip` varchar(255), `last_login_ip` varchar(255), `created_at` datetime, `updated_at` datetime) ENGINE=InnoDB[0m
  [4;36;1mSQL (232.0ms)[0m   [0;1mCREATE INDEX `index_users_on_login` ON `users` (`login`)[0m
  [4;35;1mSQL (249.0ms)[0m   [0mCREATE INDEX `index_users_on_persistence_token` ON `users` (`persistence_token`)[0m
  [4;36;1mSQL (249.0ms)[0m   [0;1mCREATE INDEX `index_users_on_last_request_at` ON `users` (`last_request_at`)[0m
  [4;35;1mSQL (40.0ms)[0m   [0mINSERT INTO schema_migrations (version) VALUES ('20110214061133')[0m
  [4;36;1mSQL (1.0ms)[0m   [0;1mSHOW TABLES[0m
  [4;35;1mSQL (0.0ms)[0m   [0mSELECT version FROM schema_migrations[0m
  [4;36;1mSQL (1.0ms)[0m   [0;1mSHOW TABLES[0m
  [4;35;1mSQL (18.0ms)[0m   [0mSHOW FIELDS FROM `users`[0m
  [4;36;1mSQL (10.0ms)[0m   [0;1mdescribe `users`[0m
  [4;35;1mSQL (5.0ms)[0m   [0mSHOW KEYS FROM `users`[0m
  [4;36;1mSQL (1.0ms)[0m   [0;1mSET NAMES 'utf8'[0m
  [4;35;1mSQL (0.0ms)[0m   [0mSET SQL_AUTO_IS_NULL=0[0m


Processing UsersController#show (for 127.0.0.1 at 2011-02-14 14:56:26) [GET]
  Parameters: {"action"=>"show", "controller"=>"users"}
Rendering users/show

ActionView::TemplateError (undefined method `login' for nil:NilClass) on line #3 of app/views/users/show.html.erb:
1: <p>
2:   <b>Login:</b>
3:   <%=h @user.login %>
4: </p>
5: 
6: <p>

    app/views/users/show.html.erb:3
    C:/Ruby187/lib/ruby/1.8/webrick/httpserver.rb:104:in `service'
    C:/Ruby187/lib/ruby/1.8/webrick/httpserver.rb:65:in `run'
    C:/Ruby187/lib/ruby/1.8/webrick/server.rb:173:in `start_thread'
    C:/Ruby187/lib/ruby/1.8/webrick/server.rb:162:in `start'
    C:/Ruby187/lib/ruby/1.8/webrick/server.rb:162:in `start_thread'
    C:/Ruby187/lib/ruby/1.8/webrick/server.rb:95:in `start'
    C:/Ruby187/lib/ruby/1.8/webrick/server.rb:92:in `each'
    C:/Ruby187/lib/ruby/1.8/webrick/server.rb:92:in `start'
    C:/Ruby187/lib/ruby/1.8/webrick/server.rb:23:in `start'
    C:/Ruby187/lib/ruby/1.8/webrick/server.rb:82:in `start'

Rendered rescues/_trace (67.0ms)
Rendered rescues/_request_and_response (1.0ms)
Rendering rescues/layout (internal_server_error)
  [4;36;1mSQL (0.0ms)[0m   [0;1mSET NAMES 'utf8'[0m
  [4;35;1mSQL (0.0ms)[0m   [0mSET SQL_AUTO_IS_NULL=0[0m
  [4;36;1mUser Columns (7.0ms)[0m   [0;1mSHOW FIELDS FROM `users`[0m


Processing UsersController#new (for 127.0.0.1 at 2011-02-14 14:58:36) [GET]
  Parameters: {"action"=>"new", "controller"=>"users"}
Rendering users/new
Rendered users/_form (2.0ms)
Completed in 56ms (View: 54, DB: 7) | 200 OK [http://localhost/users/new]
  [4;35;1mSQL (0.0ms)[0m   [0mSET NAMES 'utf8'[0m
  [4;36;1mSQL (1.0ms)[0m   [0;1mSET SQL_AUTO_IS_NULL=0[0m
  [4;35;1mUser Columns (7.0ms)[0m   [0mSHOW FIELDS FROM `users`[0m


Processing UsersController#create (for 127.0.0.1 at 2011-02-14 14:58:47) [POST]
  Parameters: {"commit"=>"Register", "action"=>"create", "authenticity_token"=>"p7cto9l/SKkzffkBkD7A9DMvNnsZkxqswbrH3e/pnMc=", "controller"=>"users", "user"=>{"password_confirmation"=>"[FILTERED]", "password"=>"[FILTERED]", "login"=>"shripad"}}
  [4;36;1mSQL (0.0ms)[0m   [0;1mBEGIN[0m
  [4;35;1mUser Load (0.0ms)[0m   [0mSELECT `users`.id FROM `users` WHERE (LOWER(`users`.`login`) = BINARY 'shripad') LIMIT 1[0m
  [4;36;1mUser Load (1.0ms)[0m   [0;1mSELECT `users`.id FROM `users` WHERE (`users`.`persistence_token` = BINARY 'f3a228984856856fd71331ccf93e86e219b1aaf0e42fb40e158128aa557c0c5000d9393d8d5df57a86c800b83c2cc3e0d8af2e9607b52f9f7fddb40f64331824') LIMIT 1[0m
  [4;35;1mUser Load (0.0ms)[0m   [0mSELECT `users`.id FROM `users` WHERE (`users`.`single_access_token` = BINARY 'ulvZzq7EFpzTaX55Mgeb') LIMIT 1[0m
  [4;36;1mSQL (0.0ms)[0m   [0;1mROLLBACK[0m
Rendering users/new
Rendered users/_form (1.0ms)
Completed in 3867ms (View: 6, DB: 0) | 200 OK [http://localhost/account]
  [4;35;1mSQL (0.0ms)[0m   [0mSET NAMES 'utf8'[0m
  [4;36;1mSQL (1.0ms)[0m   [0;1mSET SQL_AUTO_IS_NULL=0[0m
  [4;35;1mUser Columns (7.0ms)[0m   [0mSHOW FIELDS FROM `users`[0m


Processing UsersController#create (for 127.0.0.1 at 2011-02-14 14:59:11) [POST]
  Parameters: {"commit"=>"Register", "action"=>"create", "authenticity_token"=>"p7cto9l/SKkzffkBkD7A9DMvNnsZkxqswbrH3e/pnMc=", "controller"=>"users", "user"=>{"password_confirmation"=>"[FILTERED]", "password"=>"[FILTERED]", "login"=>"shripad"}}
  [4;36;1mSQL (1.0ms)[0m   [0;1mBEGIN[0m
  [4;35;1mUser Load (0.0ms)[0m   [0mSELECT `users`.id FROM `users` WHERE (LOWER(`users`.`login`) = BINARY 'shripad') LIMIT 1[0m
  [4;36;1mUser Load (1.0ms)[0m   [0;1mSELECT `users`.id FROM `users` WHERE (`users`.`persistence_token` = BINARY '1495985574e22d12992eceb64b1775fd75dae4f05da483b72f249920ff20b08a8c27532a76a894a5743b4fdd072760d9ea201ac0bbabb573e63cb5157d2c3de2') LIMIT 1[0m
  [4;35;1mUser Load (0.0ms)[0m   [0mSELECT `users`.id FROM `users` WHERE (`users`.`single_access_token` = BINARY '9hrbysx3lVVueNrNe02u') LIMIT 1[0m
  [4;36;1mUser Load (1.0ms)[0m   [0;1mSELECT * FROM `users` WHERE (`users`.`persistence_token` = 'd0b3689b86fc298e8df14209e60f91852ca69ea0f4bf10e63acb1765ed455ed5eb0878c32d0a322439186e9d07949a730116f25b51a9762e92f29d830e31c0a1') LIMIT 1[0m
  [4;35;1mCACHE (0.0ms)[0m   [0mSELECT * FROM `users` WHERE (`users`.`persistence_token` = 'd0b3689b86fc298e8df14209e60f91852ca69ea0f4bf10e63acb1765ed455ed5eb0878c32d0a322439186e9d07949a730116f25b51a9762e92f29d830e31c0a1') LIMIT 1[0m
  [4;36;1mUser Create (1.0ms)[0m   [0;1mINSERT INTO `users` (`single_access_token`, `last_request_at`, `created_at`, `crypted_password`, `perishable_token`, `updated_at`, `failed_login_count`, `current_login_ip`, `password_salt`, `current_login_at`, `persistence_token`, `login_count`, `last_login_ip`, `login`, `last_login_at`, `email`) VALUES('9hrbysx3lVVueNrNe02u', '2011-02-14 09:29:11', '2011-02-14 09:29:11', '66b407ebba028188aa2e0279926220c34526bed47cd450456cb31361693df4f5f32500865677810ab352a6620dbf7a9cc578a8e498dcec02699fc93a16016465', '0oNXLXE2M0MmL8EYIOV3', '2011-02-14 09:29:11', 0, '127.0.0.1', 'g0qe6hdOZW25x0iF0jS', '2011-02-14 09:29:11', '1495985574e22d12992eceb64b1775fd75dae4f05da483b72f249920ff20b08a8c27532a76a894a5743b4fdd072760d9ea201ac0bbabb573e63cb5157d2c3de2', 1, NULL, 'shripad', NULL, NULL)[0m
  [4;35;1mSQL (61.0ms)[0m   [0mCOMMIT[0m
Redirected to http://localhost:3000/users/1
Completed in 428ms (DB: 0) | 302 Found [http://localhost/account]
  [4;36;1mSQL (0.0ms)[0m   [0;1mSET NAMES 'utf8'[0m
  [4;35;1mSQL (0.0ms)[0m   [0mSET SQL_AUTO_IS_NULL=0[0m
  [4;36;1mUser Columns (5.0ms)[0m   [0;1mSHOW FIELDS FROM `users`[0m


Processing UsersController#show (for 127.0.0.1 at 2011-02-14 14:59:12) [GET]
  Parameters: {"action"=>"show", "id"=>"1", "controller"=>"users"}
  [4;35;1mUser Load (0.0ms)[0m   [0mSELECT * FROM `users` WHERE (`users`.`id` = 1) [0m
Rendering users/show
Completed in 6ms (View: 3, DB: 5) | 200 OK [http://localhost/users/1]
  [4;36;1mSQL (1.0ms)[0m   [0;1mSET NAMES 'utf8'[0m
  [4;35;1mSQL (1.0ms)[0m   [0mSET SQL_AUTO_IS_NULL=0[0m
  [4;36;1mUser Columns (5.0ms)[0m   [0;1mSHOW FIELDS FROM `users`[0m


Processing UsersController#edit (for 127.0.0.1 at 2011-02-14 14:59:16) [GET]
  Parameters: {"action"=>"edit", "controller"=>"users"}

ActiveRecord::RecordNotFound (Couldn't find User without an ID):
  C:/Ruby187/lib/ruby/gems/1.8/gems/inherited_resources-1.0.6/lib/inherited_resources/base_helpers.rb:41:in `resource'
  C:/Ruby187/lib/ruby/gems/1.8/gems/inherited_resources-1.0.6/lib/inherited_resources/actions.rb:25:in `edit'
  C:/Ruby187/lib/ruby/1.8/webrick/httpserver.rb:104:in `service'
  C:/Ruby187/lib/ruby/1.8/webrick/httpserver.rb:65:in `run'
  C:/Ruby187/lib/ruby/1.8/webrick/server.rb:173:in `start_thread'
  C:/Ruby187/lib/ruby/1.8/webrick/server.rb:162:in `start'
  C:/Ruby187/lib/ruby/1.8/webrick/server.rb:162:in `start_thread'
  C:/Ruby187/lib/ruby/1.8/webrick/server.rb:95:in `start'
  C:/Ruby187/lib/ruby/1.8/webrick/server.rb:92:in `each'
  C:/Ruby187/lib/ruby/1.8/webrick/server.rb:92:in `start'
  C:/Ruby187/lib/ruby/1.8/webrick/server.rb:23:in `start'
  C:/Ruby187/lib/ruby/1.8/webrick/server.rb:82:in `start'

Rendered rescues/_trace (29.0ms)
Rendered rescues/_request_and_response (0.0ms)
Rendering rescues/layout (not_found)
  [4;35;1mSQL (0.0ms)[0m   [0mSET NAMES 'utf8'[0m
  [4;36;1mSQL (0.0ms)[0m   [0;1mSET SQL_AUTO_IS_NULL=0[0m
  [4;35;1mUser Columns (5.0ms)[0m   [0mSHOW FIELDS FROM `users`[0m


Processing UsersController#show (for 127.0.0.1 at 2011-02-14 14:59:54) [GET]
  Parameters: {"action"=>"show", "id"=>"1", "controller"=>"users"}
  [4;36;1mUser Load (0.0ms)[0m   [0;1mSELECT * FROM `users` WHERE (`users`.`id` = 1) [0m
Rendering users/show
Completed in 11ms (View: 8, DB: 5) | 200 OK [http://localhost/users/1]
  [4;35;1mSQL (0.0ms)[0m   [0mSET NAMES 'utf8'[0m
  [4;36;1mSQL (0.0ms)[0m   [0;1mSET SQL_AUTO_IS_NULL=0[0m
  [4;35;1mUser Columns (6.0ms)[0m   [0mSHOW FIELDS FROM `users`[0m


Processing UsersController#edit to #<user:0xaa2ee40> (for 127.0.0.1 at 2011-02-14 14:59:56) [GET]
  Parameters: {"format"=>"#<user:0xaa2ee40>", "action"=>"edit", "controller"=>"users"}

ActiveRecord::RecordNotFound (Couldn't find User without an ID):
  C:/Ruby187/lib/ruby/gems/1.8/gems/inherited_resources-1.0.6/lib/inherited_resources/base_helpers.rb:41:in `resource'
  C:/Ruby187/lib/ruby/gems/1.8/gems/inherited_resources-1.0.6/lib/inherited_resources/actions.rb:25:in `edit'
  C:/Ruby187/lib/ruby/1.8/webrick/httpserver.rb:104:in `service'
  C:/Ruby187/lib/ruby/1.8/webrick/httpserver.rb:65:in `run'
  C:/Ruby187/lib/ruby/1.8/webrick/server.rb:173:in `start_thread'
  C:/Ruby187/lib/ruby/1.8/webrick/server.rb:162:in `start'
  C:/Ruby187/lib/ruby/1.8/webrick/server.rb:162:in `start_thread'
  C:/Ruby187/lib/ruby/1.8/webrick/server.rb:95:in `start'
  C:/Ruby187/lib/ruby/1.8/webrick/server.rb:92:in `each'
  C:/Ruby187/lib/ruby/1.8/webrick/server.rb:92:in `start'
  C:/Ruby187/lib/ruby/1.8/webrick/server.rb:23:in `start'
  C:/Ruby187/lib/ruby/1.8/webrick/server.rb:82:in `start'

Rendered rescues/_trace (73.0ms)
Rendered rescues/_request_and_response (1.0ms)
Rendering rescues/layout (not_found)
  [4;36;1mSQL (0.0ms)[0m   [0;1mSET NAMES 'utf8'[0m
  [4;35;1mSQL (1.0ms)[0m   [0mSET SQL_AUTO_IS_NULL=0[0m
  [4;36;1mUser Columns (9.0ms)[0m   [0;1mSHOW FIELDS FROM `users`[0m


Processing UsersController#show (for 127.0.0.1 at 2011-02-14 15:00:10) [GET]
  Parameters: {"action"=>"show", "id"=>"1", "controller"=>"users"}
  [4;35;1mUser Load (1.0ms)[0m   [0mSELECT * FROM `users` WHERE (`users`.`id` = 1) [0m
Rendering users/show
Completed in 10ms (View: 7, DB: 11) | 200 OK [http://localhost/users/1]
  [4;36;1mSQL (1.0ms)[0m   [0;1mSET NAMES 'utf8'[0m
  [4;35;1mSQL (0.0ms)[0m   [0mSET SQL_AUTO_IS_NULL=0[0m
  [4;36;1mUser Columns (6.0ms)[0m   [0;1mSHOW FIELDS FROM `users`[0m


Processing UsersController#edit to 1 (for 127.0.0.1 at 2011-02-14 15:00:14) [GET]
  Parameters: {"format"=>"1", "action"=>"edit", "controller"=>"users"}

ActiveRecord::RecordNotFound (Couldn't find User without an ID):
  C:/Ruby187/lib/ruby/gems/1.8/gems/inherited_resources-1.0.6/lib/inherited_resources/base_helpers.rb:41:in `resource'
  C:/Ruby187/lib/ruby/gems/1.8/gems/inherited_resources-1.0.6/lib/inherited_resources/actions.rb:25:in `edit'
  C:/Ruby187/lib/ruby/1.8/webrick/httpserver.rb:104:in `service'
  C:/Ruby187/lib/ruby/1.8/webrick/httpserver.rb:65:in `run'
  C:/Ruby187/lib/ruby/1.8/webrick/server.rb:173:in `start_thread'
  C:/Ruby187/lib/ruby/1.8/webrick/server.rb:162:in `start'
  C:/Ruby187/lib/ruby/1.8/webrick/server.rb:162:in `start_thread'
  C:/Ruby187/lib/ruby/1.8/webrick/server.rb:95:in `start'
  C:/Ruby187/lib/ruby/1.8/webrick/server.rb:92:in `each'
  C:/Ruby187/lib/ruby/1.8/webrick/server.rb:92:in `start'
  C:/Ruby187/lib/ruby/1.8/webrick/server.rb:23:in `start'
  C:/Ruby187/lib/ruby/1.8/webrick/server.rb:82:in `start'

Rendered rescues/_trace (30.0ms)
Rendered rescues/_request_and_response (0.0ms)
Rendering rescues/layout (not_found)
  [4;35;1mSQL (0.0ms)[0m   [0mSET NAMES 'utf8'[0m
  [4;36;1mSQL (0.0ms)[0m   [0;1mSET SQL_AUTO_IS_NULL=0[0m
  [4;35;1mUser Columns (6.0ms)[0m   [0mSHOW FIELDS FROM `users`[0m


Processing UsersController#show (for 127.0.0.1 at 2011-02-14 15:01:10) [GET]
  Parameters: {"action"=>"show", "id"=>"1", "controller"=>"users"}
  [4;36;1mUser Load (0.0ms)[0m   [0;1mSELECT * FROM `users` WHERE (`users`.`id` = 1) [0m
Rendering users/show
Completed in 10ms (View: 7, DB: 6) | 200 OK [http://localhost/users/1]
  [4;35;1mSQL (1.0ms)[0m   [0mSET NAMES 'utf8'[0m
  [4;36;1mSQL (0.0ms)[0m   [0;1mSET SQL_AUTO_IS_NULL=0[0m
  [4;35;1mUser Columns (6.0ms)[0m   [0mSHOW FIELDS FROM `users`[0m


Processing UsersController#edit (for 127.0.0.1 at 2011-02-14 15:01:13) [GET]
  Parameters: {"action"=>"edit", "controller"=>"users"}

ActiveRecord::RecordNotFound (Couldn't find User without an ID):
  C:/Ruby187/lib/ruby/gems/1.8/gems/inherited_resources-1.0.6/lib/inherited_resources/base_helpers.rb:41:in `resource'
  C:/Ruby187/lib/ruby/gems/1.8/gems/inherited_resources-1.0.6/lib/inherited_resources/actions.rb:25:in `edit!'
  app/controllers/users_controller.rb:8:in `edit'
  C:/Ruby187/lib/ruby/1.8/webrick/httpserver.rb:104:in `service'
  C:/Ruby187/lib/ruby/1.8/webrick/httpserver.rb:65:in `run'
  C:/Ruby187/lib/ruby/1.8/webrick/server.rb:173:in `start_thread'
  C:/Ruby187/lib/ruby/1.8/webrick/server.rb:162:in `start'
  C:/Ruby187/lib/ruby/1.8/webrick/server.rb:162:in `start_thread'
  C:/Ruby187/lib/ruby/1.8/webrick/server.rb:95:in `start'
  C:/Ruby187/lib/ruby/1.8/webrick/server.rb:92:in `each'
  C:/Ruby187/lib/ruby/1.8/webrick/server.rb:92:in `start'
  C:/Ruby187/lib/ruby/1.8/webrick/server.rb:23:in `start'
  C:/Ruby187/lib/ruby/1.8/webrick/server.rb:82:in `start'

Rendered rescues/_trace (29.0ms)
Rendered rescues/_request_and_response (0.0ms)
Rendering rescues/layout (not_found)
  [4;36;1mSQL (1.0ms)[0m   [0;1mSET NAMES 'utf8'[0m
  [4;35;1mSQL (0.0ms)[0m   [0mSET SQL_AUTO_IS_NULL=0[0m
  [4;36;1mUser Columns (24.0ms)[0m   [0;1mSHOW FIELDS FROM `users`[0m


Processing UsersController#show (for 127.0.0.1 at 2011-02-14 15:01:49) [GET]
  Parameters: {"action"=>"show", "id"=>"1", "controller"=>"users"}
  [4;35;1mUser Load (1.0ms)[0m   [0mSELECT * FROM `users` WHERE (`users`.`id` = 1) [0m
Rendering users/show
Completed in 6ms (View: 3, DB: 26) | 200 OK [http://localhost/users/1]
  [4;36;1mSQL (0.0ms)[0m   [0;1mSET NAMES 'utf8'[0m
  [4;35;1mSQL (0.0ms)[0m   [0mSET SQL_AUTO_IS_NULL=0[0m
  [4;36;1mUser Columns (6.0ms)[0m   [0;1mSHOW FIELDS FROM `users`[0m


Processing UsersController#edit (for 127.0.0.1 at 2011-02-14 15:01:52) [GET]
  Parameters: {"action"=>"edit", "controller"=>"users"}
Rendering users/edit

ActionView::TemplateError (Called id for nil, which would mistakenly be 4 -- if you really wanted the id of nil, use object_id) on line #3 of app/views/users/edit.html.erb:
1: <h1>Edit My Account</h1>
2: 
3: <% form_for @user, :url => account_path do |f| %>
4:   <%= f.error_messages %>
5:   <%= render :partial => "form", :object => f %>
6:   <%= f.submit "Update" %>

    app/views/users/edit.html.erb:3
    C:/Ruby187/lib/ruby/1.8/webrick/httpserver.rb:104:in `service'
    C:/Ruby187/lib/ruby/1.8/webrick/httpserver.rb:65:in `run'
    C:/Ruby187/lib/ruby/1.8/webrick/server.rb:173:in `start_thread'
    C:/Ruby187/lib/ruby/1.8/webrick/server.rb:162:in `start'
    C:/Ruby187/lib/ruby/1.8/webrick/server.rb:162:in `start_thread'
    C:/Ruby187/lib/ruby/1.8/webrick/server.rb:95:in `start'
    C:/Ruby187/lib/ruby/1.8/webrick/server.rb:92:in `each'
    C:/Ruby187/lib/ruby/1.8/webrick/server.rb:92:in `start'
    C:/Ruby187/lib/ruby/1.8/webrick/server.rb:23:in `start'
    C:/Ruby187/lib/ruby/1.8/webrick/server.rb:82:in `start'

Rendered rescues/_trace (81.0ms)
Rendered rescues/_request_and_response (0.0ms)
Rendering rescues/layout (internal_server_error)
  [4;35;1mSQL (0.0ms)[0m   [0mSET NAMES 'utf8'[0m
  [4;36;1mSQL (0.0ms)[0m   [0;1mSET SQL_AUTO_IS_NULL=0[0m


Processing UsersController#show (for 127.0.0.1 at 2011-02-14 15:03:29) [GET]
  Parameters: {"action"=>"show", "id"=>"1", "controller"=>"users"}
Rendering users/show

ActionView::TemplateError (undefined method `login' for nil:NilClass) on line #3 of app/views/users/show.html.erb:
1: <p>
2:   <b>Login:</b>
3:   <%=h @user.login %>
4: </p>
5: 
6: <p>

    app/views/users/show.html.erb:3
    C:/Ruby187/lib/ruby/1.8/webrick/httpserver.rb:104:in `service'
    C:/Ruby187/lib/ruby/1.8/webrick/httpserver.rb:65:in `run'
    C:/Ruby187/lib/ruby/1.8/webrick/server.rb:173:in `start_thread'
    C:/Ruby187/lib/ruby/1.8/webrick/server.rb:162:in `start'
    C:/Ruby187/lib/ruby/1.8/webrick/server.rb:162:in `start_thread'
    C:/Ruby187/lib/ruby/1.8/webrick/server.rb:95:in `start'
    C:/Ruby187/lib/ruby/1.8/webrick/server.rb:92:in `each'
    C:/Ruby187/lib/ruby/1.8/webrick/server.rb:92:in `start'
    C:/Ruby187/lib/ruby/1.8/webrick/server.rb:23:in `start'
    C:/Ruby187/lib/ruby/1.8/webrick/server.rb:82:in `start'

Rendered rescues/_trace (33.0ms)
Rendered rescues/_request_and_response (0.0ms)
Rendering rescues/layout (internal_server_error)
  [4;35;1mSQL (0.0ms)[0m   [0mSET NAMES 'utf8'[0m
  [4;36;1mSQL (0.0ms)[0m   [0;1mSET SQL_AUTO_IS_NULL=0[0m


Processing UserSessionsController#new (for 127.0.0.1 at 2011-02-14 15:03:54) [GET]
  Parameters: {"action"=>"new", "controller"=>"user_sessions"}
  [4;35;1mUser Columns (6.0ms)[0m   [0mSHOW FIELDS FROM `users`[0m
Rendering user_sessions/new
Completed in 33ms (View: 8, DB: 6) | 200 OK [http://localhost/]
  [4;36;1mSQL (1.0ms)[0m   [0;1mSET NAMES 'utf8'[0m
  [4;35;1mSQL (1.0ms)[0m   [0mSET SQL_AUTO_IS_NULL=0[0m


Processing UsersController#new (for 127.0.0.1 at 2011-02-14 15:04:05) [GET]
  Parameters: {"action"=>"new", "controller"=>"users"}
  [4;36;1mUser Columns (15.0ms)[0m   [0;1mSHOW FIELDS FROM `users`[0m
Rendering users/new
Rendered users/_form (1.0ms)
Completed in 35ms (View: 6, DB: 17) | 200 OK [http://localhost/users/new]
  [4;36;1mSQL (0.0ms)[0m   [0;1mSET NAMES 'utf8'[0m
  [4;35;1mSQL (0.0ms)[0m   [0mSET SQL_AUTO_IS_NULL=0[0m


Processing UserSessionsController#new (for 127.0.0.1 at 2011-02-14 15:07:28) [GET]
  Parameters: {"action"=>"new", "controller"=>"user_sessions"}
  [4;36;1mUser Columns (15.0ms)[0m   [0;1mSHOW FIELDS FROM `users`[0m
Rendering user_sessions/new
Completed in 72ms (View: 40, DB: 15) | 200 OK [http://localhost/]
  [4;35;1mSQL (1.0ms)[0m   [0mSET NAMES 'utf8'[0m
  [4;36;1mSQL (0.0ms)[0m   [0;1mSET SQL_AUTO_IS_NULL=0[0m


Processing UserSessionsController#new (for 127.0.0.1 at 2011-02-14 15:07:42) [GET]
  Parameters: {"action"=>"new", "controller"=>"user_sessions"}
  [4;35;1mUser Columns (5.0ms)[0m   [0mSHOW FIELDS FROM `users`[0m
Rendering user_sessions/new
Completed in 62ms (View: 39, DB: 6) | 200 OK [http://localhost/]
  [4;36;1mSQL (0.0ms)[0m   [0;1mSET NAMES 'utf8'[0m
  [4;35;1mSQL (0.0ms)[0m   [0mSET SQL_AUTO_IS_NULL=0[0m


Processing UsersController#new (for 127.0.0.1 at 2011-02-14 15:07:44) [GET]
  Parameters: {"action"=>"new", "controller"=>"users"}
  [4;36;1mUser Columns (6.0ms)[0m   [0;1mSHOW FIELDS FROM `users`[0m
Rendering users/new
Rendered users/_form (2.0ms)
Completed in 34ms (View: 15, DB: 6) | 200 OK [http://localhost/users/new]
  [4;35;1mSQL (1.0ms)[0m   [0mSET NAMES 'utf8'[0m
  [4;36;1mSQL (0.0ms)[0m   [0;1mSET SQL_AUTO_IS_NULL=0[0m


Processing UsersController#create (for 127.0.0.1 at 2011-02-14 15:07:56) [POST]
  Parameters: {"commit"=>"Register", "action"=>"create", "authenticity_token"=>"p7cto9l/SKkzffkBkD7A9DMvNnsZkxqswbrH3e/pnMc=", "controller"=>"users", "user"=>{"password_confirmation"=>"[FILTERED]", "password"=>"[FILTERED]", "login"=>"shripad"}}
  [4;35;1mUser Columns (7.0ms)[0m   [0mSHOW FIELDS FROM `users`[0m
  [4;36;1mSQL (0.0ms)[0m   [0;1mBEGIN[0m
  [4;35;1mUser Load (0.0ms)[0m   [0mSELECT `users`.id FROM `users` WHERE (LOWER(`users`.`login`) = BINARY 'shripad') LIMIT 1[0m
  [4;36;1mUser Load (0.0ms)[0m   [0;1mSELECT `users`.id FROM `users` WHERE (`users`.`persistence_token` = BINARY 'f08e0b8f50840f595f34d0d9aace4178f996c6e6251f272282c9903b75b2ad49b8de11ca229541d42d380c016ed97fdca74dc8171bd7cf92e5d8e3cf9cc713a8') LIMIT 1[0m
  [4;35;1mUser Load (0.0ms)[0m   [0mSELECT `users`.id FROM `users` WHERE (`users`.`single_access_token` = BINARY '7qBeVP6oG1DQ03iLbcCo') LIMIT 1[0m
  [4;36;1mSQL (0.0ms)[0m   [0;1mROLLBACK[0m
Rendering users/new
Rendered users/_form (2.0ms)
Completed in 3806ms (View: 8, DB: 8) | 200 OK [http://localhost/account]
  [4;35;1mSQL (1.0ms)[0m   [0mSET NAMES 'utf8'[0m
  [4;36;1mSQL (0.0ms)[0m   [0;1mSET SQL_AUTO_IS_NULL=0[0m


Processing UsersController#create (for 127.0.0.1 at 2011-02-14 15:10:28) [POST]
  Parameters: {"commit"=>"Register", "action"=>"create", "authenticity_token"=>"p7cto9l/SKkzffkBkD7A9DMvNnsZkxqswbrH3e/pnMc=", "controller"=>"users", "user"=>{"password_confirmation"=>"[FILTERED]", "password"=>"[FILTERED]", "login"=>"shripad123"}}
  [4;35;1mUser Columns (6.0ms)[0m   [0mSHOW FIELDS FROM `users`[0m
  [4;36;1mSQL (0.0ms)[0m   [0;1mBEGIN[0m
  [4;35;1mUser Load (0.0ms)[0m   [0mSELECT `users`.id FROM `users` WHERE (LOWER(`users`.`login`) = BINARY 'shripad123') LIMIT 1[0m
  [4;36;1mUser Load (0.0ms)[0m   [0;1mSELECT `users`.id FROM `users` WHERE (`users`.`persistence_token` = BINARY 'bfa4b01da2b7911576b64860edb429db95c70f0f478b62f50af41a536b461dac022dc30d568b7df667a7f22ab7a240e0f0209d81d9b7c281cb13c4d815603eb5') LIMIT 1[0m
  [4;35;1mUser Load (0.0ms)[0m   [0mSELECT `users`.id FROM `users` WHERE (`users`.`single_access_token` = BINARY 'IOOt9uvvT9fiGSthHo6z') LIMIT 1[0m
  [4;36;1mUser Load (1.0ms)[0m   [0;1mSELECT * FROM `users` WHERE (`users`.`persistence_token` = '1495985574e22d12992eceb64b1775fd75dae4f05da483b72f249920ff20b08a8c27532a76a894a5743b4fdd072760d9ea201ac0bbabb573e63cb5157d2c3de2') LIMIT 1[0m
  [4;35;1mUser Update (0.0ms)[0m   [0mUPDATE `users` SET `updated_at` = '2011-02-14 09:40:29', `perishable_token` = '6ggxAMQXffL5xDUg0Xgj', `last_request_at` = '2011-02-14 09:40:29' WHERE `id` = 1[0m
  [4;36;1mUser Create (1.0ms)[0m   [0;1mINSERT INTO `users` (`single_access_token`, `last_request_at`, `created_at`, `crypted_password`, `perishable_token`, `updated_at`, `failed_login_count`, `current_login_ip`, `password_salt`, `current_login_at`, `persistence_token`, `login_count`, `last_login_ip`, `login`, `last_login_at`, `email`) VALUES('IOOt9uvvT9fiGSthHo6z', NULL, '2011-02-14 09:40:29', 'dd102627ed924843679a5d16010e551fd7d9eecdf24ac7e48cb142d7fbc451c53e6b9235a6bf9270fe87e3da39bffb6a3450a638b04268d80f4f384d9b788a7c', 'PNwaPSMIwyHdMAz0oAt', '2011-02-14 09:40:29', 0, NULL, 'AJH9cjtjV8rsB2ynscb', NULL, 'bfa4b01da2b7911576b64860edb429db95c70f0f478b62f50af41a536b461dac022dc30d568b7df667a7f22ab7a240e0f0209d81d9b7c281cb13c4d815603eb5', 0, NULL, 'shripad123', NULL, NULL)[0m
  [4;35;1mSQL (46.0ms)[0m   [0mCOMMIT[0m
Redirected to http://localhost:3000/account
Completed in 409ms (DB: 55) | 302 Found [http://localhost/account]
  [4;36;1mSQL (0.0ms)[0m   [0;1mSET NAMES 'utf8'[0m
  [4;35;1mSQL (1.0ms)[0m   [0mSET SQL_AUTO_IS_NULL=0[0m


Processing UsersController#show (for 127.0.0.1 at 2011-02-14 15:10:29) [GET]
  Parameters: {"action"=>"show", "controller"=>"users"}
Rendering users/show

ActionView::TemplateError (undefined method `login' for nil:NilClass) on line #3 of app/views/users/show.html.erb:
1: <p>
2:   <b>Login:</b>
3:   <%=h @user.login %>
4: </p>
5: 
6: <p>

    app/views/users/show.html.erb:3
    C:/Ruby187/lib/ruby/1.8/webrick/httpserver.rb:104:in `service'
    C:/Ruby187/lib/ruby/1.8/webrick/httpserver.rb:65:in `run'
    C:/Ruby187/lib/ruby/1.8/webrick/server.rb:173:in `start_thread'
    C:/Ruby187/lib/ruby/1.8/webrick/server.rb:162:in `start'
    C:/Ruby187/lib/ruby/1.8/webrick/server.rb:162:in `start_thread'
    C:/Ruby187/lib/ruby/1.8/webrick/server.rb:95:in `start'
    C:/Ruby187/lib/ruby/1.8/webrick/server.rb:92:in `each'
    C:/Ruby187/lib/ruby/1.8/webrick/server.rb:92:in `start'
    C:/Ruby187/lib/ruby/1.8/webrick/server.rb:23:in `start'
    C:/Ruby187/lib/ruby/1.8/webrick/server.rb:82:in `start'

Rendered rescues/_trace (35.0ms)
Rendered rescues/_request_and_response (2.0ms)
Rendering rescues/layout (internal_server_error)
  [4;36;1mSQL (0.0ms)[0m   [0;1mSET NAMES 'utf8'[0m
  [4;35;1mSQL (0.0ms)[0m   [0mSET SQL_AUTO_IS_NULL=0[0m


Processing UserSessionsController#new (for 127.0.0.1 at 2011-02-14 15:10:56) [GET]
  Parameters: {"action"=>"new", "controller"=>"user_sessions"}
  [4;36;1mUser Columns (6.0ms)[0m   [0;1mSHOW FIELDS FROM `users`[0m
Rendering user_sessions/new
Completed in 27ms (View: 4, DB: 6) | 200 OK [http://localhost/]
  [4;35;1mSQL (1.0ms)[0m   [0mSET NAMES 'utf8'[0m
  [4;36;1mSQL (0.0ms)[0m   [0;1mSET SQL_AUTO_IS_NULL=0[0m


Processing UserSessionsController#create (for 127.0.0.1 at 2011-02-14 15:11:06) [POST]
  Parameters: {"commit"=>"Login", "user_session"=>{"remember_me"=>"0", "password"=>"[FILTERED]", "login"=>"shripad"}, "action"=>"create", "authenticity_token"=>"p7cto9l/SKkzffkBkD7A9DMvNnsZkxqswbrH3e/pnMc=", "controller"=>"user_sessions"}
  [4;35;1mUser Columns (13.0ms)[0m   [0mSHOW FIELDS FROM `users`[0m
  [4;36;1mUser Load (5.0ms)[0m   [0;1mSELECT * FROM `users` WHERE (LOWER(`users`.login) = 'shripad') LIMIT 1[0m
  [4;35;1mSQL (0.0ms)[0m   [0mBEGIN[0m
  [4;36;1mUser Update (0.0ms)[0m   [0;1mUPDATE `users` SET `updated_at` = '2011-02-14 09:41:06', `perishable_token` = 'ZVMXMwKG9cVrcMsiSz9j', `last_login_at` = '2011-02-14 09:29:11', `last_login_ip` = '127.0.0.1', `current_login_at` = '2011-02-14 09:41:06', `login_count` = 2, `last_request_at` = '2011-02-14 09:41:06' WHERE `id` = 1[0m
  [4;35;1mSQL (52.0ms)[0m   [0mCOMMIT[0m
Redirected to http://localhost:3000/account
Completed in 95ms (DB: 71) | 302 Found [http://localhost/user_session]
  [4;36;1mSQL (0.0ms)[0m   [0;1mSET NAMES 'utf8'[0m
  [4;35;1mSQL (0.0ms)[0m   [0mSET SQL_AUTO_IS_NULL=0[0m


Processing UsersController#show (for 127.0.0.1 at 2011-02-14 15:11:06) [GET]
  Parameters: {"action"=>"show", "controller"=>"users"}
Rendering users/show

ActionView::TemplateError (undefined method `login' for nil:NilClass) on line #3 of app/views/users/show.html.erb:
1: <p>
2:   <b>Login:</b>
3:   <%=h @user.login %>
4: </p>
5: 
6: <p>

    app/views/users/show.html.erb:3
    C:/Ruby187/lib/ruby/1.8/webrick/httpserver.rb:104:in `service'
    C:/Ruby187/lib/ruby/1.8/webrick/httpserver.rb:65:in `run'
    C:/Ruby187/lib/ruby/1.8/webrick/server.rb:173:in `start_thread'
    C:/Ruby187/lib/ruby/1.8/webrick/server.rb:162:in `start'
    C:/Ruby187/lib/ruby/1.8/webrick/server.rb:162:in `start_thread'
    C:/Ruby187/lib/ruby/1.8/webrick/server.rb:95:in `start'
    C:/Ruby187/lib/ruby/1.8/webrick/server.rb:92:in `each'
    C:/Ruby187/lib/ruby/1.8/webrick/server.rb:92:in `start'
    C:/Ruby187/lib/ruby/1.8/webrick/server.rb:23:in `start'
    C:/Ruby187/lib/ruby/1.8/webrick/server.rb:82:in `start'

Rendered rescues/_trace (35.0ms)
Rendered rescues/_request_and_response (0.0ms)
Rendering rescues/layout (internal_server_error)
  [4;36;1mSQL (1.0ms)[0m   [0;1mSET NAMES 'utf8'[0m
  [4;35;1mSQL (0.0ms)[0m   [0mSET SQL_AUTO_IS_NULL=0[0m


Processing UserSessionsController#new (for 127.0.0.1 at 2011-02-14 15:12:47) [GET]
  Parameters: {"action"=>"new", "controller"=>"user_sessions"}
  [4;36;1mUser Columns (6.0ms)[0m   [0;1mSHOW FIELDS FROM `users`[0m
Rendering user_sessions/new
Completed in 26ms (View: 5, DB: 7) | 200 OK [http://localhost/]
  [4;35;1mSQL (1.0ms)[0m   [0mSET NAMES 'utf8'[0m
  [4;36;1mSQL (0.0ms)[0m   [0;1mSET SQL_AUTO_IS_NULL=0[0m


Processing UserSessionsController#create (for 127.0.0.1 at 2011-02-14 15:12:54) [POST]
  Parameters: {"commit"=>"Login", "user_session"=>{"remember_me"=>"0", "password"=>"[FILTERED]", "login"=>"shripad"}, "action"=>"create", "authenticity_token"=>"p7cto9l/SKkzffkBkD7A9DMvNnsZkxqswbrH3e/pnMc=", "controller"=>"user_sessions"}
  [4;35;1mUser Columns (6.0ms)[0m   [0mSHOW FIELDS FROM `users`[0m
  [4;36;1mUser Load (0.0ms)[0m   [0;1mSELECT * FROM `users` WHERE (LOWER(`users`.login) = 'shripad') LIMIT 1[0m
  [4;35;1mSQL (0.0ms)[0m   [0mBEGIN[0m
  [4;36;1mUser Update (1.0ms)[0m   [0;1mUPDATE `users` SET `failed_login_count` = 1, `updated_at` = '2011-02-14 09:42:54', `perishable_token` = 'xKLLPGzXGkWqlR01BEk4' WHERE `id` = 1[0m
  [4;35;1mSQL (49.0ms)[0m   [0mCOMMIT[0m
Rendering user_sessions/new
Completed in 140ms (View: 6, DB: 57) | 200 OK [http://localhost/user_session]
  [4;36;1mSQL (0.0ms)[0m   [0;1mSET NAMES 'utf8'[0m
  [4;35;1mSQL (0.0ms)[0m   [0mSET SQL_AUTO_IS_NULL=0[0m


Processing UserSessionsController#create (for 127.0.0.1 at 2011-02-14 15:13:02) [POST]
  Parameters: {"commit"=>"Login", "user_session"=>{"remember_me"=>"0", "password"=>"[FILTERED]", "login"=>"shripad"}, "action"=>"create", "authenticity_token"=>"p7cto9l/SKkzffkBkD7A9DMvNnsZkxqswbrH3e/pnMc=", "controller"=>"user_sessions"}
  [4;36;1mUser Columns (16.0ms)[0m   [0;1mSHOW FIELDS FROM `users`[0m
  [4;35;1mUser Load (1.0ms)[0m   [0mSELECT * FROM `users` WHERE (LOWER(`users`.login) = 'shripad') LIMIT 1[0m
  [4;36;1mSQL (0.0ms)[0m   [0;1mBEGIN[0m
  [4;35;1mUser Update (1.0ms)[0m   [0mUPDATE `users` SET `failed_login_count` = 0, `updated_at` = '2011-02-14 09:43:02', `perishable_token` = 'DS98MBOaGYEVYrrSTXZ', `last_login_at` = '2011-02-14 09:41:06', `current_login_at` = '2011-02-14 09:43:02', `login_count` = 3, `last_request_at` = '2011-02-14 09:43:02' WHERE `id` = 1[0m
  [4;36;1mSQL (43.0ms)[0m   [0;1mCOMMIT[0m
Completed in 85ms (View: 1, DB: 61) | 200 OK [http://localhost/user_session]
  [4;35;1mSQL (0.0ms)[0m   [0mSET NAMES 'utf8'[0m
  [4;36;1mSQL (0.0ms)[0m   [0;1mSET SQL_AUTO_IS_NULL=0[0m


Processing UserSessionsController#create (for 127.0.0.1 at 2011-02-14 15:13:11) [POST]
  Parameters: {"commit"=>"Login", "user_session"=>{"remember_me"=>"0", "password"=>"[FILTERED]", "login"=>"shripad"}, "action"=>"create", "authenticity_token"=>"p7cto9l/SKkzffkBkD7A9DMvNnsZkxqswbrH3e/pnMc=", "controller"=>"user_sessions"}
  [4;35;1mUser Columns (6.0ms)[0m   [0mSHOW FIELDS FROM `users`[0m
  [4;36;1mUser Load (1.0ms)[0m   [0;1mSELECT * FROM `users` WHERE (LOWER(`users`.login) = 'shripad') LIMIT 1[0m
  [4;35;1mSQL (0.0ms)[0m   [0mBEGIN[0m
  [4;36;1mUser Update (0.0ms)[0m   [0;1mUPDATE `users` SET `failed_login_count` = 1, `updated_at` = '2011-02-14 09:43:11', `perishable_token` = '6YECkdLfcqR5NRL0uFF' WHERE `id` = 1[0m
  [4;35;1mSQL (44.0ms)[0m   [0mCOMMIT[0m
Rendering user_sessions/new
Completed in 83ms (View: 9, DB: 51) | 200 OK [http://localhost/user_session]
  [4;36;1mSQL (0.0ms)[0m   [0;1mSET NAMES 'utf8'[0m
  [4;35;1mSQL (0.0ms)[0m   [0mSET SQL_AUTO_IS_NULL=0[0m


Processing UserSessionsController#new (for 127.0.0.1 at 2011-02-14 15:13:14) [GET]
  Parameters: {"action"=>"new", "controller"=>"user_sessions"}
  [4;36;1mUser Columns (5.0ms)[0m   [0;1mSHOW FIELDS FROM `users`[0m
Rendering user_sessions/new
Completed in 26ms (View: 4, DB: 5) | 200 OK [http://localhost/]
  [4;36;1mSQL (0.0ms)[0m   [0;1mSET NAMES 'utf8'[0m
  [4;35;1mSQL (1.0ms)[0m   [0mSET SQL_AUTO_IS_NULL=0[0m
  [4;36;1mSQL (1.0ms)[0m   [0;1mSHOW TABLES[0m
  [4;35;1mSQL (1.0ms)[0m   [0mSELECT version FROM schema_migrations[0m
Migrating to CreateUsers (20110214061133)
  [4;36;1mSQL (1.0ms)[0m   [0;1mSHOW TABLES[0m
  [4;35;1mSQL (0.0ms)[0m   [0mSELECT version FROM schema_migrations[0m
  [4;36;1mSQL (1.0ms)[0m   [0;1mSHOW TABLES[0m
  [4;35;1mSQL (5.0ms)[0m   [0mSHOW FIELDS FROM `users`[0m
  [4;36;1mSQL (26.0ms)[0m   [0;1mdescribe `users`[0m
  [4;35;1mSQL (5.0ms)[0m   [0mSHOW KEYS FROM `users`[0m
  [4;36;1mSQL (0.0ms)[0m   [0;1mSET NAMES 'utf8'[0m
  [4;35;1mSQL (0.0ms)[0m   [0mSET SQL_AUTO_IS_NULL=0[0m
  [4;36;1mSQL (0.0ms)[0m   [0;1mSET NAMES 'utf8'[0m
  [4;35;1mSQL (0.0ms)[0m   [0mSET SQL_AUTO_IS_NULL=0[0m
  [4;36;1mSQL (1.0ms)[0m   [0;1mSHOW TABLES[0m
  [4;35;1mSQL (0.0ms)[0m   [0mSELECT version FROM schema_migrations[0m
Migrating to CreateUsers (20110214061133)
Migrating to CreateSessions (20110214095602)
  [4;36;1mSQL (70.0ms)[0m   [0;1mCREATE TABLE `sessions` (`id` int(11) DEFAULT NULL auto_increment PRIMARY KEY, `session_id` varchar(255) NOT NULL, `data` text, `created_at` datetime, `updated_at` datetime) ENGINE=InnoDB[0m
  [4;35;1mSQL (224.0ms)[0m   [0mCREATE INDEX `index_sessions_on_session_id` ON `sessions` (`session_id`)[0m
  [4;36;1mSQL (299.0ms)[0m   [0;1mCREATE INDEX `index_sessions_on_updated_at` ON `sessions` (`updated_at`)[0m
  [4;35;1mSQL (41.0ms)[0m   [0mINSERT INTO schema_migrations (version) VALUES ('20110214095602')[0m
  [4;36;1mSQL (1.0ms)[0m   [0;1mSHOW TABLES[0m
  [4;35;1mSQL (1.0ms)[0m   [0mSELECT version FROM schema_migrations[0m
  [4;36;1mSQL (1.0ms)[0m   [0;1mSHOW TABLES[0m
  [4;35;1mSQL (6.0ms)[0m   [0mSHOW FIELDS FROM `sessions`[0m
  [4;36;1mSQL (10.0ms)[0m   [0;1mdescribe `sessions`[0m
  [4;35;1mSQL (5.0ms)[0m   [0mSHOW KEYS FROM `sessions`[0m
  [4;36;1mSQL (5.0ms)[0m   [0;1mSHOW FIELDS FROM `users`[0m
  [4;35;1mSQL (10.0ms)[0m   [0mdescribe `users`[0m
  [4;36;1mSQL (5.0ms)[0m   [0;1mSHOW KEYS FROM `users`[0m
  [4;36;1mSQL (0.0ms)[0m   [0;1mSET NAMES 'utf8'[0m
  [4;35;1mSQL (0.0ms)[0m   [0mSET SQL_AUTO_IS_NULL=0[0m


Processing UserSessionsController#new (for 127.0.0.1 at 2011-02-14 15:36:50) [GET]
  Parameters: {"action"=>"new", "controller"=>"user_sessions"}
  [4;36;1mUser Columns (6.0ms)[0m   [0;1mSHOW FIELDS FROM `users`[0m
Rendering user_sessions/new
Completed in 1833ms (View: 1805, DB: 11) | 200 OK [http://localhost/]
/!\ FAILSAFE /!\  Mon Feb 14 15:36:52 +0530 2011
  Status: 500 Internal Server Error
  Mysql::Error: Data too long for column 'session_id' at row 1: INSERT INTO `sessions` (`data`, `created_at`, `updated_at`, `session_id`) VALUES('BAh7BjoQX2NzcmZfdG9rZW4iMWhBL2x1V2R2c1JXQXpWWkY2bmI0b01lQXU0\nZnA0SjlsbFVHRjhDNzBPT1U9\n', '2011-02-14 10:06:52', '2011-02-14 10:06:52', 'BAh7CjoQX2NzcmZfdG9rZW4iMXA3Y3RvOWwvU0tremZma0JrRDdBOURNdk5uc1preHFzd2JySDNlL3BuTWM9IhV1c2VyX2NyZWRlbnRpYWxzIgGAMTQ5NTk4NTU3NGUyMmQxMjk5MmVjZWI2NGIxNzc1ZmQ3NWRhZTRmMDVkYTQ4M2I3MmYyNDk5MjBmZjIwYjA4YThjMjc1MzJhNzZhODk0YTU3NDNiNGZkZDA3Mjc2MGQ5ZWEyMDFhYzBiYmFiYjU3M2U2M2NiNTE1N2QyYzNkZTI6D3Nlc3Npb25faWQiJTdkZTQ4YmFhMDhiNmZjYzUyMjc0MDE4Mjk4NTM5Nzg5Ihh1c2VyX2NyZWRlbnRpYWxzX2lkaQYiCmZsYXNoSUM6J0FjdGlvbkNvbnRyb2xsZXI6OkZsYXNoOjpGbGFzaEhhc2h7BjoLbm90aWNlIhZMb2dpbiBTdWNjZXNzZnVsIQY6CkB1c2VkewY7CEY=--3a988a6a9209b870d328b3ade87b1081d24cc712')
    C:/Ruby187/lib/ruby/gems/1.8/gems/activerecord-2.3.5/lib/active_record/connection_adapters/abstract_adapter.rb:219:in `log'
    C:/Ruby187/lib/ruby/gems/1.8/gems/activerecord-2.3.5/lib/active_record/connection_adapters/mysql_adapter.rb:323:in `execute'
    C:/Ruby187/lib/ruby/gems/1.8/gems/activerecord-2.3.5/lib/active_record/connection_adapters/abstract/database_statements.rb:259:in `insert_sql'
    C:/Ruby187/lib/ruby/gems/1.8/gems/activerecord-2.3.5/lib/active_record/connection_adapters/mysql_adapter.rb:333:in `insert_sql'
    C:/Ruby187/lib/ruby/gems/1.8/gems/activerecord-2.3.5/lib/active_record/connection_adapters/abstract/database_statements.rb:44:in `insert_without_query_dirty'
    C:/Ruby187/lib/ruby/gems/1.8/gems/activerecord-2.3.5/lib/active_record/connection_adapters/abstract/query_cache.rb:18:in `insert'
    C:/Ruby187/lib/ruby/gems/1.8/gems/activerecord-2.3.5/lib/active_record/base.rb:2908:in `create_without_timestamps'
    C:/Ruby187/lib/ruby/gems/1.8/gems/activerecord-2.3.5/lib/active_record/timestamp.rb:53:in `create_without_callbacks'
    C:/Ruby187/lib/ruby/gems/1.8/gems/activerecord-2.3.5/lib/active_record/callbacks.rb:266:in `create'
    C:/Ruby187/lib/ruby/gems/1.8/gems/activerecord-2.3.5/lib/active_record/base.rb:2874:in `create_or_update_without_callbacks'
    C:/Ruby187/lib/ruby/gems/1.8/gems/activerecord-2.3.5/lib/active_record/callbacks.rb:250:in `create_or_update'
    C:/Ruby187/lib/ruby/gems/1.8/gems/activerecord-2.3.5/lib/active_record/base.rb:2538:in `save_without_validation'
    C:/Ruby187/lib/ruby/gems/1.8/gems/activerecord-2.3.5/lib/active_record/validations.rb:1078:in `save_without_dirty'
    C:/Ruby187/lib/ruby/gems/1.8/gems/activerecord-2.3.5/lib/active_record/dirty.rb:79:in `save_without_transactions'
    C:/Ruby187/lib/ruby/gems/1.8/gems/activerecord-2.3.5/lib/active_record/transactions.rb:229:in `send'
    C:/Ruby187/lib/ruby/gems/1.8/gems/activerecord-2.3.5/lib/active_record/transactions.rb:229:in `with_transaction_returning_status'
    C:/Ruby187/lib/ruby/gems/1.8/gems/activerecord-2.3.5/lib/active_record/connection_adapters/abstract/database_statements.rb:136:in `transaction'
    C:/Ruby187/lib/ruby/gems/1.8/gems/activerecord-2.3.5/lib/active_record/transactions.rb:182:in `transaction'
    C:/Ruby187/lib/ruby/gems/1.8/gems/activerecord-2.3.5/lib/active_record/transactions.rb:228:in `with_transaction_returning_status'
    C:/Ruby187/lib/ruby/gems/1.8/gems/activerecord-2.3.5/lib/active_record/transactions.rb:196:in `save'
    C:/Ruby187/lib/ruby/gems/1.8/gems/activerecord-2.3.5/lib/active_record/transactions.rb:208:in `rollback_active_record_state!'
    C:/Ruby187/lib/ruby/gems/1.8/gems/activerecord-2.3.5/lib/active_record/transactions.rb:196:in `save'
    C:/Ruby187/lib/ruby/gems/1.8/gems/activerecord-2.3.5/lib/active_record/session_store.rb:300:in `set_session'
    C:/Ruby187/lib/ruby/gems/1.8/gems/activerecord-2.3.5/lib/active_record/base.rb:1448:in `silence'
    C:/Ruby187/lib/ruby/gems/1.8/gems/activerecord-2.3.5/lib/active_record/session_store.rb:297:in `set_session'
    C:/Ruby187/lib/ruby/gems/1.8/gems/actionpack-2.3.5/lib/action_controller/session/abstract_store.rb:132:in `call'
    C:/Ruby187/lib/ruby/gems/1.8/gems/activerecord-2.3.5/lib/active_record/query_cache.rb:29:in `call'
    C:/Ruby187/lib/ruby/gems/1.8/gems/activerecord-2.3.5/lib/active_record/connection_adapters/abstract/query_cache.rb:34:in `cache'
    C:/Ruby187/lib/ruby/gems/1.8/gems/activerecord-2.3.5/lib/active_record/query_cache.rb:9:in `cache'
    C:/Ruby187/lib/ruby/gems/1.8/gems/activerecord-2.3.5/lib/active_record/query_cache.rb:28:in `call'
    C:/Ruby187/lib/ruby/gems/1.8/gems/activerecord-2.3.5/lib/active_record/connection_adapters/abstract/connection_pool.rb:361:in `call'
    C:/Ruby187/lib/ruby/gems/1.8/gems/actionpack-2.3.5/lib/action_controller/failsafe.rb:26:in `call'
    C:/Ruby187/lib/ruby/gems/1.8/gems/rack-1.0.1/lib/rack/lock.rb:11:in `call'
    C:/Ruby187/lib/ruby/gems/1.8/gems/rack-1.0.1/lib/rack/lock.rb:11:in `synchronize'
    C:/Ruby187/lib/ruby/gems/1.8/gems/rack-1.0.1/lib/rack/lock.rb:11:in `call'
    C:/Ruby187/lib/ruby/gems/1.8/gems/actionpack-2.3.5/lib/action_controller/dispatcher.rb:114:in `call'
    C:/Ruby187/lib/ruby/gems/1.8/gems/actionpack-2.3.5/lib/action_controller/reloader.rb:34:in `run'
    C:/Ruby187/lib/ruby/gems/1.8/gems/actionpack-2.3.5/lib/action_controller/dispatcher.rb:108:in `call'
    C:/Ruby187/lib/ruby/gems/1.8/gems/rails-2.3.5/lib/rails/rack/static.rb:31:in `call'
    C:/Ruby187/lib/ruby/gems/1.8/gems/rack-1.0.1/lib/rack/urlmap.rb:46:in `call'
    C:/Ruby187/lib/ruby/gems/1.8/gems/rack-1.0.1/lib/rack/urlmap.rb:40:in `each'
    C:/Ruby187/lib/ruby/gems/1.8/gems/rack-1.0.1/lib/rack/urlmap.rb:40:in `call'
    C:/Ruby187/lib/ruby/gems/1.8/gems/rails-2.3.5/lib/rails/rack/log_tailer.rb:17:in `call'
    C:/Ruby187/lib/ruby/gems/1.8/gems/rack-1.0.1/lib/rack/content_length.rb:13:in `call'
    C:/Ruby187/lib/ruby/gems/1.8/gems/rack-1.0.1/lib/rack/handler/webrick.rb:50:in `service'
    C:/Ruby187/lib/ruby/1.8/webrick/httpserver.rb:104:in `service'
    C:/Ruby187/lib/ruby/1.8/webrick/httpserver.rb:65:in `run'
    C:/Ruby187/lib/ruby/1.8/webrick/server.rb:173:in `start_thread'
    C:/Ruby187/lib/ruby/1.8/webrick/server.rb:162:in `start'
    C:/Ruby187/lib/ruby/1.8/webrick/server.rb:162:in `start_thread'
    C:/Ruby187/lib/ruby/1.8/webrick/server.rb:95:in `start'
    C:/Ruby187/lib/ruby/1.8/webrick/server.rb:92:in `each'
    C:/Ruby187/lib/ruby/1.8/webrick/server.rb:92:in `start'
    C:/Ruby187/lib/ruby/1.8/webrick/server.rb:23:in `start'
    C:/Ruby187/lib/ruby/1.8/webrick/server.rb:82:in `start'
    C:/Ruby187/lib/ruby/gems/1.8/gems/rack-1.0.1/lib/rack/handler/webrick.rb:14:in `run'
    C:/Ruby187/lib/ruby/gems/1.8/gems/rails-2.3.5/lib/commands/server.rb:111
    C:/Ruby187/lib/ruby/site_ruby/1.8/rubygems/custom_require.rb:31:in `gem_original_require'
    C:/Ruby187/lib/ruby/site_ruby/1.8/rubygems/custom_require.rb:31:in `require'
    script/server:3
  [4;35;1mSQL (0.0ms)[0m   [0mSET NAMES 'utf8'[0m
  [4;36;1mSQL (1.0ms)[0m   [0;1mSET SQL_AUTO_IS_NULL=0[0m


Processing ApplicationController#index (for 127.0.0.1 at 2011-02-14 15:40:24) [GET]

ActionController::RoutingError (No route matches "/login" with {:method=>:get}):
  C:/Ruby187/lib/ruby/1.8/webrick/httpserver.rb:104:in `service'
  C:/Ruby187/lib/ruby/1.8/webrick/httpserver.rb:65:in `run'
  C:/Ruby187/lib/ruby/1.8/webrick/server.rb:173:in `start_thread'
  C:/Ruby187/lib/ruby/1.8/webrick/server.rb:162:in `start'
  C:/Ruby187/lib/ruby/1.8/webrick/server.rb:162:in `start_thread'
  C:/Ruby187/lib/ruby/1.8/webrick/server.rb:95:in `start'
  C:/Ruby187/lib/ruby/1.8/webrick/server.rb:92:in `each'
  C:/Ruby187/lib/ruby/1.8/webrick/server.rb:92:in `start'
  C:/Ruby187/lib/ruby/1.8/webrick/server.rb:23:in `start'
  C:/Ruby187/lib/ruby/1.8/webrick/server.rb:82:in `start'

Rendering rescues/layout (not_found)
  [4;35;1mSQL (1.0ms)[0m   [0mSET NAMES 'utf8'[0m
  [4;36;1mSQL (1.0ms)[0m   [0;1mSET SQL_AUTO_IS_NULL=0[0m


Processing UsersController#show (for 127.0.0.1 at 2011-02-14 15:40:31) [GET]
  Parameters: {"action"=>"show", "controller"=>"users"}
Rendering users/show

ActionView::TemplateError (undefined method `login' for nil:NilClass) on line #3 of app/views/users/show.html.erb:
1: <p>
2:   <b>Login:</b>
3:   <%=h @user.login %>
4: </p>
5: 
6: <p>

    app/views/users/show.html.erb:3
    C:/Ruby187/lib/ruby/1.8/webrick/httpserver.rb:104:in `service'
    C:/Ruby187/lib/ruby/1.8/webrick/httpserver.rb:65:in `run'
    C:/Ruby187/lib/ruby/1.8/webrick/server.rb:173:in `start_thread'
    C:/Ruby187/lib/ruby/1.8/webrick/server.rb:162:in `start'
    C:/Ruby187/lib/ruby/1.8/webrick/server.rb:162:in `start_thread'
    C:/Ruby187/lib/ruby/1.8/webrick/server.rb:95:in `start'
    C:/Ruby187/lib/ruby/1.8/webrick/server.rb:92:in `each'
    C:/Ruby187/lib/ruby/1.8/webrick/server.rb:92:in `start'
    C:/Ruby187/lib/ruby/1.8/webrick/server.rb:23:in `start'
    C:/Ruby187/lib/ruby/1.8/webrick/server.rb:82:in `start'

Rendered rescues/_trace (35.0ms)
Rendered rescues/_request_and_response (1.0ms)
Rendering rescues/layout (internal_server_error)
  [4;35;1mSQL (0.0ms)[0m   [0mSET NAMES 'utf8'[0m
  [4;36;1mSQL (0.0ms)[0m   [0;1mSET SQL_AUTO_IS_NULL=0[0m


Processing UserSessionsController#new (for 127.0.0.1 at 2011-02-14 15:40:38) [GET]
  Parameters: {"action"=>"new", "controller"=>"user_sessions"}
  [4;35;1mUser Columns (6.0ms)[0m   [0mSHOW FIELDS FROM `users`[0m
Rendering user_sessions/new
Completed in 27ms (View: 6, DB: 6) | 200 OK [http://localhost/]
/!\ FAILSAFE /!\  Mon Feb 14 15:40:38 +0530 2011
  Status: 500 Internal Server Error
  Mysql::Error: Data too long for column 'session_id' at row 1: INSERT INTO `sessions` (`data`, `created_at`, `updated_at`, `session_id`) VALUES('BAh7BjoQX2NzcmZfdG9rZW4iMUJnNEVwVW5Ed2ozTm14Zm5VK2xTbDdMdGpG\nb0V2eGx3bFBSOU9nVm9CcEE9\n', '2011-02-14 10:10:38', '2011-02-14 10:10:38', 'BAh7CjoQX2NzcmZfdG9rZW4iMXA3Y3RvOWwvU0tremZma0JrRDdBOURNdk5uc1preHFzd2JySDNlL3BuTWM9IhV1c2VyX2NyZWRlbnRpYWxzIgGAMTQ5NTk4NTU3NGUyMmQxMjk5MmVjZWI2NGIxNzc1ZmQ3NWRhZTRmMDVkYTQ4M2I3MmYyNDk5MjBmZjIwYjA4YThjMjc1MzJhNzZhODk0YTU3NDNiNGZkZDA3Mjc2MGQ5ZWEyMDFhYzBiYmFiYjU3M2U2M2NiNTE1N2QyYzNkZTI6D3Nlc3Npb25faWQiJTdkZTQ4YmFhMDhiNmZjYzUyMjc0MDE4Mjk4NTM5Nzg5Ihh1c2VyX2NyZWRlbnRpYWxzX2lkaQYiCmZsYXNoSUM6J0FjdGlvbkNvbnRyb2xsZXI6OkZsYXNoOjpGbGFzaEhhc2h7BjoLbm90aWNlIhZMb2dpbiBTdWNjZXNzZnVsIQY6CkB1c2VkewY7CEY=--3a988a6a9209b870d328b3ade87b1081d24cc712')
    C:/Ruby187/lib/ruby/gems/1.8/gems/activerecord-2.3.5/lib/active_record/connection_adapters/abstract_adapter.rb:219:in `log'
    C:/Ruby187/lib/ruby/gems/1.8/gems/activerecord-2.3.5/lib/active_record/connection_adapters/mysql_adapter.rb:323:in `execute'
    C:/Ruby187/lib/ruby/gems/1.8/gems/activerecord-2.3.5/lib/active_record/connection_adapters/abstract/database_statements.rb:259:in `insert_sql'
    C:/Ruby187/lib/ruby/gems/1.8/gems/activerecord-2.3.5/lib/active_record/connection_adapters/mysql_adapter.rb:333:in `insert_sql'
    C:/Ruby187/lib/ruby/gems/1.8/gems/activerecord-2.3.5/lib/active_record/connection_adapters/abstract/database_statements.rb:44:in `insert_without_query_dirty'
    C:/Ruby187/lib/ruby/gems/1.8/gems/activerecord-2.3.5/lib/active_record/connection_adapters/abstract/query_cache.rb:18:in `insert'
    C:/Ruby187/lib/ruby/gems/1.8/gems/activerecord-2.3.5/lib/active_record/base.rb:2908:in `create_without_timestamps'
    C:/Ruby187/lib/ruby/gems/1.8/gems/activerecord-2.3.5/lib/active_record/timestamp.rb:53:in `create_without_callbacks'
    C:/Ruby187/lib/ruby/gems/1.8/gems/activerecord-2.3.5/lib/active_record/callbacks.rb:266:in `create'
    C:/Ruby187/lib/ruby/gems/1.8/gems/activerecord-2.3.5/lib/active_record/base.rb:2874:in `create_or_update_without_callbacks'
    C:/Ruby187/lib/ruby/gems/1.8/gems/activerecord-2.3.5/lib/active_record/callbacks.rb:250:in `create_or_update'
    C:/Ruby187/lib/ruby/gems/1.8/gems/activerecord-2.3.5/lib/active_record/base.rb:2538:in `save_without_validation'
    C:/Ruby187/lib/ruby/gems/1.8/gems/activerecord-2.3.5/lib/active_record/validations.rb:1078:in `save_without_dirty'
    C:/Ruby187/lib/ruby/gems/1.8/gems/activerecord-2.3.5/lib/active_record/dirty.rb:79:in `save_without_transactions'
    C:/Ruby187/lib/ruby/gems/1.8/gems/activerecord-2.3.5/lib/active_record/transactions.rb:229:in `send'
    C:/Ruby187/lib/ruby/gems/1.8/gems/activerecord-2.3.5/lib/active_record/transactions.rb:229:in `with_transaction_returning_status'
    C:/Ruby187/lib/ruby/gems/1.8/gems/activerecord-2.3.5/lib/active_record/connection_adapters/abstract/database_statements.rb:136:in `transaction'
    C:/Ruby187/lib/ruby/gems/1.8/gems/activerecord-2.3.5/lib/active_record/transactions.rb:182:in `transaction'
    C:/Ruby187/lib/ruby/gems/1.8/gems/activerecord-2.3.5/lib/active_record/transactions.rb:228:in `with_transaction_returning_status'
    C:/Ruby187/lib/ruby/gems/1.8/gems/activerecord-2.3.5/lib/active_record/transactions.rb:196:in `save'
    C:/Ruby187/lib/ruby/gems/1.8/gems/activerecord-2.3.5/lib/active_record/transactions.rb:208:in `rollback_active_record_state!'
    C:/Ruby187/lib/ruby/gems/1.8/gems/activerecord-2.3.5/lib/active_record/transactions.rb:196:in `save'
    C:/Ruby187/lib/ruby/gems/1.8/gems/activerecord-2.3.5/lib/active_record/session_store.rb:300:in `set_session'
    C:/Ruby187/lib/ruby/gems/1.8/gems/activerecord-2.3.5/lib/active_record/base.rb:1448:in `silence'
    C:/Ruby187/lib/ruby/gems/1.8/gems/activerecord-2.3.5/lib/active_record/session_store.rb:297:in `set_session'
    C:/Ruby187/lib/ruby/gems/1.8/gems/actionpack-2.3.5/lib/action_controller/session/abstract_store.rb:132:in `call'
    C:/Ruby187/lib/ruby/gems/1.8/gems/activerecord-2.3.5/lib/active_record/query_cache.rb:29:in `call'
    C:/Ruby187/lib/ruby/gems/1.8/gems/activerecord-2.3.5/lib/active_record/connection_adapters/abstract/query_cache.rb:34:in `cache'
    C:/Ruby187/lib/ruby/gems/1.8/gems/activerecord-2.3.5/lib/active_record/query_cache.rb:9:in `cache'
    C:/Ruby187/lib/ruby/gems/1.8/gems/activerecord-2.3.5/lib/active_record/query_cache.rb:28:in `call'
    C:/Ruby187/lib/ruby/gems/1.8/gems/activerecord-2.3.5/lib/active_record/connection_adapters/abstract/connection_pool.rb:361:in `call'
    C:/Ruby187/lib/ruby/gems/1.8/gems/actionpack-2.3.5/lib/action_controller/failsafe.rb:26:in `call'
    C:/Ruby187/lib/ruby/gems/1.8/gems/rack-1.0.1/lib/rack/lock.rb:11:in `call'
    C:/Ruby187/lib/ruby/gems/1.8/gems/rack-1.0.1/lib/rack/lock.rb:11:in `synchronize'
    C:/Ruby187/lib/ruby/gems/1.8/gems/rack-1.0.1/lib/rack/lock.rb:11:in `call'
    C:/Ruby187/lib/ruby/gems/1.8/gems/actionpack-2.3.5/lib/action_controller/dispatcher.rb:114:in `call'
    C:/Ruby187/lib/ruby/gems/1.8/gems/actionpack-2.3.5/lib/action_controller/reloader.rb:34:in `run'
    C:/Ruby187/lib/ruby/gems/1.8/gems/actionpack-2.3.5/lib/action_controller/dispatcher.rb:108:in `call'
    C:/Ruby187/lib/ruby/gems/1.8/gems/rails-2.3.5/lib/rails/rack/static.rb:31:in `call'
    C:/Ruby187/lib/ruby/gems/1.8/gems/rack-1.0.1/lib/rack/urlmap.rb:46:in `call'
    C:/Ruby187/lib/ruby/gems/1.8/gems/rack-1.0.1/lib/rack/urlmap.rb:40:in `each'
    C:/Ruby187/lib/ruby/gems/1.8/gems/rack-1.0.1/lib/rack/urlmap.rb:40:in `call'
    C:/Ruby187/lib/ruby/gems/1.8/gems/rails-2.3.5/lib/rails/rack/log_tailer.rb:17:in `call'
    C:/Ruby187/lib/ruby/gems/1.8/gems/rack-1.0.1/lib/rack/content_length.rb:13:in `call'
    C:/Ruby187/lib/ruby/gems/1.8/gems/rack-1.0.1/lib/rack/handler/webrick.rb:50:in `service'
    C:/Ruby187/lib/ruby/1.8/webrick/httpserver.rb:104:in `service'
    C:/Ruby187/lib/ruby/1.8/webrick/httpserver.rb:65:in `run'
    C:/Ruby187/lib/ruby/1.8/webrick/server.rb:173:in `start_thread'
    C:/Ruby187/lib/ruby/1.8/webrick/server.rb:162:in `start'
    C:/Ruby187/lib/ruby/1.8/webrick/server.rb:162:in `start_thread'
    C:/Ruby187/lib/ruby/1.8/webrick/server.rb:95:in `start'
    C:/Ruby187/lib/ruby/1.8/webrick/server.rb:92:in `each'
    C:/Ruby187/lib/ruby/1.8/webrick/server.rb:92:in `start'
    C:/Ruby187/lib/ruby/1.8/webrick/server.rb:23:in `start'
    C:/Ruby187/lib/ruby/1.8/webrick/server.rb:82:in `start'
    C:/Ruby187/lib/ruby/gems/1.8/gems/rack-1.0.1/lib/rack/handler/webrick.rb:14:in `run'
    C:/Ruby187/lib/ruby/gems/1.8/gems/rails-2.3.5/lib/commands/server.rb:111
    C:/Ruby187/lib/ruby/site_ruby/1.8/rubygems/custom_require.rb:31:in `gem_original_require'
    C:/Ruby187/lib/ruby/site_ruby/1.8/rubygems/custom_require.rb:31:in `require'
    script/server:3
  [4;36;1mSQL (0.0ms)[0m   [0;1mSET NAMES 'utf8'[0m
  [4;35;1mSQL (0.0ms)[0m   [0mSET SQL_AUTO_IS_NULL=0[0m


Processing UserSessionsController#new (for 127.0.0.1 at 2011-02-14 15:41:45) [GET]
  Parameters: {"action"=>"new", "controller"=>"user_sessions"}
  [4;36;1mUser Columns (6.0ms)[0m   [0;1mSHOW FIELDS FROM `users`[0m
Rendering user_sessions/new
Completed in 62ms (View: 39, DB: 6) | 200 OK [http://localhost/]
  [4;35;1mSQL (1.0ms)[0m   [0mSET NAMES 'utf8'[0m
  [4;36;1mSQL (0.0ms)[0m   [0;1mSET SQL_AUTO_IS_NULL=0[0m


Processing UserSessionsController#new (for 127.0.0.1 at 2011-02-14 15:41:55) [GET]
  Parameters: {"action"=>"new", "controller"=>"user_sessions"}
  [4;35;1mUser Columns (5.0ms)[0m   [0mSHOW FIELDS FROM `users`[0m
Rendering user_sessions/new
Completed in 57ms (View: 34, DB: 6) | 200 OK [http://localhost/]
  [4;36;1mSQL (0.0ms)[0m   [0;1mSET NAMES 'utf8'[0m
  [4;35;1mSQL (1.0ms)[0m   [0mSET SQL_AUTO_IS_NULL=0[0m


Processing UserSessionsController#create (for 127.0.0.1 at 2011-02-14 15:42:03) [POST]
  Parameters: {"commit"=>"Login", "user_session"=>{"remember_me"=>"0", "password"=>"[FILTERED]", "login"=>"shripad"}, "action"=>"create", "controller"=>"user_sessions"}
  [4;36;1mUser Columns (5.0ms)[0m   [0;1mSHOW FIELDS FROM `users`[0m
  [4;35;1mUser Load (2.0ms)[0m   [0mSELECT * FROM `users` WHERE (LOWER(`users`.login) = 'shripad') LIMIT 1[0m
  [4;36;1mSQL (0.0ms)[0m   [0;1mBEGIN[0m
  [4;35;1mUser Update (1.0ms)[0m   [0mUPDATE `users` SET `failed_login_count` = 0, `updated_at` = '2011-02-14 10:12:08', `perishable_token` = 'ze1MHTpFtyzOO1qi3LGh', `last_login_at` = '2011-02-14 09:43:02', `current_login_at` = '2011-02-14 10:12:03', `login_count` = 4, `last_request_at` = '2011-02-14 10:12:03' WHERE `id` = 1[0m
  [4;36;1mSQL (52.0ms)[0m   [0;1mCOMMIT[0m
Completed in 5428ms (View: 2, DB: 67) | 200 OK [http://localhost/user_session]
/!\ FAILSAFE /!\  Mon Feb 14 15:42:08 +0530 2011
  Status: 500 Internal Server Error
  Mysql::Error: Data too long for column 'session_id' at row 1: INSERT INTO `sessions` (`data`, `created_at`, `updated_at`, `session_id`) VALUES('BAh7CCIVdXNlcl9jcmVkZW50aWFscyIBgDE0OTU5ODU1NzRlMjJkMTI5OTJl\nY2ViNjRiMTc3NWZkNzVkYWU0ZjA1ZGE0ODNiNzJmMjQ5OTIwZmYyMGIwOGE4\nYzI3NTMyYTc2YTg5NGE1NzQzYjRmZGQwNzI3NjBkOWVhMjAxYWMwYmJhYmI1\nNzNlNjNjYjUxNTdkMmMzZGUyIhh1c2VyX2NyZWRlbnRpYWxzX2lkaQYiCmZs\nYXNoSUM6J0FjdGlvbkNvbnRyb2xsZXI6OkZsYXNoOjpGbGFzaEhhc2h7BjoL\nbm90aWNlIhZMb2dpbiBTdWNjZXNzZnVsIQY6CkB1c2VkewY7BkY=\n', '2011-02-14 10:12:08', '2011-02-14 10:12:08', 'BAh7CjoQX2NzcmZfdG9rZW4iMXA3Y3RvOWwvU0tremZma0JrRDdBOURNdk5uc1preHFzd2JySDNlL3BuTWM9IhV1c2VyX2NyZWRlbnRpYWxzIgGAMTQ5NTk4NTU3NGUyMmQxMjk5MmVjZWI2NGIxNzc1ZmQ3NWRhZTRmMDVkYTQ4M2I3MmYyNDk5MjBmZjIwYjA4YThjMjc1MzJhNzZhODk0YTU3NDNiNGZkZDA3Mjc2MGQ5ZWEyMDFhYzBiYmFiYjU3M2U2M2NiNTE1N2QyYzNkZTI6D3Nlc3Npb25faWQiJTdkZTQ4YmFhMDhiNmZjYzUyMjc0MDE4Mjk4NTM5Nzg5Ihh1c2VyX2NyZWRlbnRpYWxzX2lkaQYiCmZsYXNoSUM6J0FjdGlvbkNvbnRyb2xsZXI6OkZsYXNoOjpGbGFzaEhhc2h7BjoLbm90aWNlIhZMb2dpbiBTdWNjZXNzZnVsIQY6CkB1c2VkewY7CEY=--3a988a6a9209b870d328b3ade87b1081d24cc712')
    C:/Ruby187/lib/ruby/gems/1.8/gems/activerecord-2.3.5/lib/active_record/connection_adapters/abstract_adapter.rb:219:in `log'
    C:/Ruby187/lib/ruby/gems/1.8/gems/activerecord-2.3.5/lib/active_record/connection_adapters/mysql_adapter.rb:323:in `execute'
    C:/Ruby187/lib/ruby/gems/1.8/gems/activerecord-2.3.5/lib/active_record/connection_adapters/abstract/database_statements.rb:259:in `insert_sql'
    C:/Ruby187/lib/ruby/gems/1.8/gems/activerecord-2.3.5/lib/active_record/connection_adapters/mysql_adapter.rb:333:in `insert_sql'
    C:/Ruby187/lib/ruby/gems/1.8/gems/activerecord-2.3.5/lib/active_record/connection_adapters/abstract/database_statements.rb:44:in `insert_without_query_dirty'
    C:/Ruby187/lib/ruby/gems/1.8/gems/activerecord-2.3.5/lib/active_record/connection_adapters/abstract/query_cache.rb:18:in `insert'
    C:/Ruby187/lib/ruby/gems/1.8/gems/activerecord-2.3.5/lib/active_record/base.rb:2908:in `create_without_timestamps'
    C:/Ruby187/lib/ruby/gems/1.8/gems/activerecord-2.3.5/lib/active_record/timestamp.rb:53:in `create_without_callbacks'
    C:/Ruby187/lib/ruby/gems/1.8/gems/activerecord-2.3.5/lib/active_record/callbacks.rb:266:in `create'
    C:/Ruby187/lib/ruby/gems/1.8/gems/activerecord-2.3.5/lib/active_record/base.rb:2874:in `create_or_update_without_callbacks'
    C:/Ruby187/lib/ruby/gems/1.8/gems/activerecord-2.3.5/lib/active_record/callbacks.rb:250:in `create_or_update'
    C:/Ruby187/lib/ruby/gems/1.8/gems/activerecord-2.3.5/lib/active_record/base.rb:2538:in `save_without_validation'
    C:/Ruby187/lib/ruby/gems/1.8/gems/activerecord-2.3.5/lib/active_record/validations.rb:1078:in `save_without_dirty'
    C:/Ruby187/lib/ruby/gems/1.8/gems/activerecord-2.3.5/lib/active_record/dirty.rb:79:in `save_without_transactions'
    C:/Ruby187/lib/ruby/gems/1.8/gems/activerecord-2.3.5/lib/active_record/transactions.rb:229:in `send'
    C:/Ruby187/lib/ruby/gems/1.8/gems/activerecord-2.3.5/lib/active_record/transactions.rb:229:in `with_transaction_returning_status'
    C:/Ruby187/lib/ruby/gems/1.8/gems/activerecord-2.3.5/lib/active_record/connection_adapters/abstract/database_statements.rb:136:in `transaction'
    C:/Ruby187/lib/ruby/gems/1.8/gems/activerecord-2.3.5/lib/active_record/transactions.rb:182:in `transaction'
    C:/Ruby187/lib/ruby/gems/1.8/gems/activerecord-2.3.5/lib/active_record/transactions.rb:228:in `with_transaction_returning_status'
    C:/Ruby187/lib/ruby/gems/1.8/gems/activerecord-2.3.5/lib/active_record/transactions.rb:196:in `save'
    C:/Ruby187/lib/ruby/gems/1.8/gems/activerecord-2.3.5/lib/active_record/transactions.rb:208:in `rollback_active_record_state!'
    C:/Ruby187/lib/ruby/gems/1.8/gems/activerecord-2.3.5/lib/active_record/transactions.rb:196:in `save'
    C:/Ruby187/lib/ruby/gems/1.8/gems/activerecord-2.3.5/lib/active_record/session_store.rb:300:in `set_session'
    C:/Ruby187/lib/ruby/gems/1.8/gems/activerecord-2.3.5/lib/active_record/base.rb:1448:in `silence'
    C:/Ruby187/lib/ruby/gems/1.8/gems/activerecord-2.3.5/lib/active_record/session_store.rb:297:in `set_session'
    C:/Ruby187/lib/ruby/gems/1.8/gems/actionpack-2.3.5/lib/action_controller/session/abstract_store.rb:132:in `call'
    C:/Ruby187/lib/ruby/gems/1.8/gems/activerecord-2.3.5/lib/active_record/query_cache.rb:29:in `call'
    C:/Ruby187/lib/ruby/gems/1.8/gems/activerecord-2.3.5/lib/active_record/connection_adapters/abstract/query_cache.rb:34:in `cache'
    C:/Ruby187/lib/ruby/gems/1.8/gems/activerecord-2.3.5/lib/active_record/query_cache.rb:9:in `cache'
    C:/Ruby187/lib/ruby/gems/1.8/gems/activerecord-2.3.5/lib/active_record/query_cache.rb:28:in `call'
    C:/Ruby187/lib/ruby/gems/1.8/gems/activerecord-2.3.5/lib/active_record/connection_adapters/abstract/connection_pool.rb:361:in `call'
    C:/Ruby187/lib/ruby/gems/1.8/gems/actionpack-2.3.5/lib/action_controller/failsafe.rb:26:in `call'
    C:/Ruby187/lib/ruby/gems/1.8/gems/rack-1.0.1/lib/rack/lock.rb:11:in `call'
    C:/Ruby187/lib/ruby/gems/1.8/gems/rack-1.0.1/lib/rack/lock.rb:11:in `synchronize'
    C:/Ruby187/lib/ruby/gems/1.8/gems/rack-1.0.1/lib/rack/lock.rb:11:in `call'
    C:/Ruby187/lib/ruby/gems/1.8/gems/actionpack-2.3.5/lib/action_controller/dispatcher.rb:114:in `call'
    C:/Ruby187/lib/ruby/gems/1.8/gems/actionpack-2.3.5/lib/action_controller/reloader.rb:34:in `run'
    C:/Ruby187/lib/ruby/gems/1.8/gems/actionpack-2.3.5/lib/action_controller/dispatcher.rb:108:in `call'
    C:/Ruby187/lib/ruby/gems/1.8/gems/rails-2.3.5/lib/rails/rack/static.rb:31:in `call'
    C:/Ruby187/lib/ruby/gems/1.8/gems/rack-1.0.1/lib/rack/urlmap.rb:46:in `call'
    C:/Ruby187/lib/ruby/gems/1.8/gems/rack-1.0.1/lib/rack/urlmap.rb:40:in `each'
    C:/Ruby187/lib/ruby/gems/1.8/gems/rack-1.0.1/lib/rack/urlmap.rb:40:in `call'
    C:/Ruby187/lib/ruby/gems/1.8/gems/rails-2.3.5/lib/rails/rack/log_tailer.rb:17:in `call'
    C:/Ruby187/lib/ruby/gems/1.8/gems/rack-1.0.1/lib/rack/content_length.rb:13:in `call'
    C:/Ruby187/lib/ruby/gems/1.8/gems/rack-1.0.1/lib/rack/handler/webrick.rb:50:in `service'
    C:/Ruby187/lib/ruby/1.8/webrick/httpserver.rb:104:in `service'
    C:/Ruby187/lib/ruby/1.8/webrick/httpserver.rb:65:in `run'
    C:/Ruby187/lib/ruby/1.8/webrick/server.rb:173:in `start_thread'
    C:/Ruby187/lib/ruby/1.8/webrick/server.rb:162:in `start'
    C:/Ruby187/lib/ruby/1.8/webrick/server.rb:162:in `start_thread'
    C:/Ruby187/lib/ruby/1.8/webrick/server.rb:95:in `start'
    C:/Ruby187/lib/ruby/1.8/webrick/server.rb:92:in `each'
    C:/Ruby187/lib/ruby/1.8/webrick/server.rb:92:in `start'
    C:/Ruby187/lib/ruby/1.8/webrick/server.rb:23:in `start'
    C:/Ruby187/lib/ruby/1.8/webrick/server.rb:82:in `start'
    C:/Ruby187/lib/ruby/gems/1.8/gems/rack-1.0.1/lib/rack/handler/webrick.rb:14:in `run'
    C:/Ruby187/lib/ruby/gems/1.8/gems/rails-2.3.5/lib/commands/server.rb:111
    C:/Ruby187/lib/ruby/site_ruby/1.8/rubygems/custom_require.rb:31:in `gem_original_require'
    C:/Ruby187/lib/ruby/site_ruby/1.8/rubygems/custom_require.rb:31:in `require'
    script/server:3
  [4;36;1mSQL (1.0ms)[0m   [0;1mSET NAMES 'utf8'[0m
  [4;35;1mSQL (0.0ms)[0m   [0mSET SQL_AUTO_IS_NULL=0[0m


Processing UserSessionsController#new (for 127.0.0.1 at 2011-02-14 15:44:53) [GET]
  Parameters: {"action"=>"new", "controller"=>"user_sessions"}
  [4;36;1mUser Columns (6.0ms)[0m   [0;1mSHOW FIELDS FROM `users`[0m
Rendering user_sessions/new
Completed in 60ms (View: 39, DB: 7) | 200 OK [http://localhost/]
  [4;35;1mSQL (0.0ms)[0m   [0mSET NAMES 'utf8'[0m
  [4;36;1mSQL (1.0ms)[0m   [0;1mSET SQL_AUTO_IS_NULL=0[0m


Processing UserSessionsController#new (for 127.0.0.1 at 2011-02-14 15:44:55) [GET]
  Parameters: {"action"=>"new", "controller"=>"user_sessions"}
  [4;35;1mUser Columns (5.0ms)[0m   [0mSHOW FIELDS FROM `users`[0m
Rendering user_sessions/new
Completed in 57ms (View: 36, DB: 6) | 200 OK [http://localhost/]
  [4;36;1mSQL (1.0ms)[0m   [0;1mSET NAMES 'utf8'[0m
  [4;35;1mSQL (0.0ms)[0m   [0mSET SQL_AUTO_IS_NULL=0[0m


Processing UserSessionsController#create (for 127.0.0.1 at 2011-02-14 15:45:02) [POST]
  Parameters: {"commit"=>"Login", "user_session"=>{"remember_me"=>"0", "password"=>"[FILTERED]", "login"=>"shripad"}, "action"=>"create", "controller"=>"user_sessions"}
  [4;36;1mUser Columns (14.0ms)[0m   [0;1mSHOW FIELDS FROM `users`[0m
  [4;35;1mUser Load (0.0ms)[0m   [0mSELECT * FROM `users` WHERE (LOWER(`users`.login) = 'shripad') LIMIT 1[0m
  [4;36;1mSQL (1.0ms)[0m   [0;1mBEGIN[0m
  [4;35;1mUser Update (0.0ms)[0m   [0mUPDATE `users` SET `updated_at` = '2011-02-14 10:15:07', `perishable_token` = 'xm9U1p4r7utbQDnxgoCZ', `last_login_at` = '2011-02-14 10:12:03', `current_login_at` = '2011-02-14 10:15:02', `login_count` = 5, `last_request_at` = '2011-02-14 10:15:02' WHERE `id` = 1[0m
  [4;36;1mSQL (31.0ms)[0m   [0;1mCOMMIT[0m
Completed in 5259ms (View: 1, DB: 47) | 200 OK [http://localhost/user_session]
  [4;35;1mSQL (1.0ms)[0m   [0mSET NAMES 'utf8'[0m
  [4;36;1mSQL (0.0ms)[0m   [0;1mSET SQL_AUTO_IS_NULL=0[0m


Processing UserSessionsController#create (for 127.0.0.1 at 2011-02-14 15:54:10) [POST]
  Parameters: {"commit"=>"Login", "user_session"=>{"remember_me"=>"0", "password"=>"[FILTERED]", "login"=>"shripad123"}, "action"=>"create", "controller"=>"user_sessions"}
  [4;35;1mUser Columns (6.0ms)[0m   [0mSHOW FIELDS FROM `users`[0m
  [4;36;1mUser Load (0.0ms)[0m   [0;1mSELECT * FROM `users` WHERE (LOWER(`users`.login) = 'shripad123') LIMIT 1[0m
  [4;35;1mSQL (0.0ms)[0m   [0mBEGIN[0m
  [4;36;1mUser Update (0.0ms)[0m   [0;1mUPDATE `users` SET `updated_at` = '2011-02-14 10:24:10', `perishable_token` = 'ufhTMOj3dhdEREhPq1s', `current_login_at` = '2011-02-14 10:24:10', `login_count` = 1, `current_login_ip` = '127.0.0.1', `last_request_at` = '2011-02-14 10:24:10' WHERE `id` = 2[0m
  [4;35;1mSQL (61.0ms)[0m   [0mCOMMIT[0m
Completed in 94ms (View: 2, DB: 68) | 200 OK [http://localhost/user_session]
  [4;36;1mSQL (0.0ms)[0m   [0;1mSET NAMES 'utf8'[0m
  [4;35;1mSQL (0.0ms)[0m   [0mSET SQL_AUTO_IS_NULL=0[0m


Processing UserSessionsController#create (for 127.0.0.1 at 2011-02-14 15:55:11) [POST]
  Parameters: {"commit"=>"Login", "user_session"=>{"remember_me"=>"0", "password"=>"[FILTERED]", "login"=>"shripad123"}, "action"=>"create", "controller"=>"user_sessions"}
  [4;36;1mUser Columns (8.0ms)[0m   [0;1mSHOW FIELDS FROM `users`[0m
  [4;35;1mUser Load (0.0ms)[0m   [0mSELECT * FROM `users` WHERE (LOWER(`users`.login) = 'shripad123') LIMIT 1[0m
  [4;36;1mSQL (0.0ms)[0m   [0;1mBEGIN[0m
  [4;35;1mUser Update (0.0ms)[0m   [0mUPDATE `users` SET `failed_login_count` = 1, `updated_at` = '2011-02-14 10:25:11', `perishable_token` = 'iLz9w2osJnBOOXtIJ9' WHERE `id` = 2[0m
  [4;36;1mSQL (52.0ms)[0m   [0;1mCOMMIT[0m
Rendering user_sessions/new
Completed in 101ms (View: 10, DB: 60) | 200 OK [http://localhost/user_session]
  [4;35;1mSQL (0.0ms)[0m   [0mSET NAMES 'utf8'[0m
  [4;36;1mSQL (0.0ms)[0m   [0;1mSET SQL_AUTO_IS_NULL=0[0m


Processing UserSessionsController#create (for 127.0.0.1 at 2011-02-14 15:55:53) [POST]
  Parameters: {"commit"=>"Login", "user_session"=>{"remember_me"=>"0", "password"=>"[FILTERED]", "login"=>"shripad123"}, "action"=>"create", "controller"=>"user_sessions"}
  [4;35;1mUser Columns (6.0ms)[0m   [0mSHOW FIELDS FROM `users`[0m
  [4;36;1mUser Load (0.0ms)[0m   [0;1mSELECT * FROM `users` WHERE (LOWER(`users`.login) = 'shripad123') LIMIT 1[0m
  [4;35;1mSQL (1.0ms)[0m   [0mBEGIN[0m
  [4;36;1mUser Update (0.0ms)[0m   [0;1mUPDATE `users` SET `failed_login_count` = 0, `updated_at` = '2011-02-14 10:25:54', `perishable_token` = 'fotlLytuRQUFbhfXrfVQ', `last_login_at` = '2011-02-14 10:24:10', `last_login_ip` = '127.0.0.1', `current_login_at` = '2011-02-14 10:25:54', `login_count` = 2, `last_request_at` = '2011-02-14 10:25:54' WHERE `id` = 2[0m
  [4;35;1mSQL (51.0ms)[0m   [0mCOMMIT[0m
Completed in 86ms (View: 2, DB: 58) | 200 OK [http://localhost/user_session]
  [4;36;1mSQL (0.0ms)[0m   [0;1mSET NAMES 'utf8'[0m
  [4;35;1mSQL (0.0ms)[0m   [0mSET SQL_AUTO_IS_NULL=0[0m


Processing UserSessionsController#new (for 127.0.0.1 at 2011-02-14 15:56:51) [GET]
  Parameters: {"action"=>"new", "controller"=>"user_sessions"}
  [4;36;1mUser Columns (6.0ms)[0m   [0;1mSHOW FIELDS FROM `users`[0m
Rendering user_sessions/new
Completed in 26ms (View: 4, DB: 6) | 200 OK [http://localhost/]
